E:\USERS\OCTOPUS\DOCUMENTS\VISUAL STUDIO 2012\PROJECTS\CAMERADOWNLOADER\CAMERADOWNLOADER\DEBUG\MAIN.OBJ
E:\USERS\OCTOPUS\DOCUMENTS\VISUAL STUDIO 2012\PROJECTS\CAMERADOWNLOADER\CAMERADOWNLOADER\DEBUG\VC110.PDB
C:\USERS\OCTOPUS\DESKTOP\NEW FOLDER\NEW FOLDER\PC端程序\CAMERADOWNLOADER\DEBUG\MAIN.OBJ
C:\USERS\OCTOPUS\DESKTOP\NEW FOLDER\NEW FOLDER\PC端程序\CAMERADOWNLOADER\DEBUG\VC110.PDB
E:\USERS\OCTOPUS\DOCUMENTS\VISUAL STUDIO 2012\PROJECTS\CAMERADOWNLOADER\DEBUG\CAMERADOWNLOADER.ILK
E:\USERS\OCTOPUS\DOCUMENTS\VISUAL STUDIO 2012\PROJECTS\CAMERADOWNLOADER\DEBUG\CAMERADOWNLOADER.EXE
E:\USERS\OCTOPUS\DOCUMENTS\VISUAL STUDIO 2012\PROJECTS\CAMERADOWNLOADER\DEBUG\CAMERADOWNLOADER.PDB
C:\USERS\OCTOPUS\DESKTOP\NEW FOLDER\NEW FOLDER\PC端程序\DEBUG\CAMERADOWNLOADER.ILK
C:\USERS\OCTOPUS\DESKTOP\NEW FOLDER\NEW FOLDER\PC端程序\DEBUG\CAMERADOWNLOADER.EXE
C:\USERS\OCTOPUS\DESKTOP\NEW FOLDER\NEW FOLDER\PC端程序\DEBUG\CAMERADOWNLOADER.PDB
C:\Users\Octopus\Desktop\New folder\New folder\PC端程序\CameraDownloader\Debug\main.obj
C:\Users\Octopus\Desktop\New folder\New folder\PC端程序\CameraDownloader\Debug\cl.command.1.tlog
C:\Users\Octopus\Desktop\New folder\New folder\PC端程序\CameraDownloader\Debug\CL.read.1.tlog
C:\Users\Octopus\Desktop\New folder\New folder\PC端程序\CameraDownloader\Debug\CL.write.1.tlog
C:\Users\Octopus\Desktop\New folder\New folder\PC端程序\CameraDownloader\Debug\link-cvtres.read.1.tlog
C:\Users\Octopus\Desktop\New folder\New folder\PC端程序\CameraDownloader\Debug\link-cvtres.write.1.tlog
C:\Users\Octopus\Desktop\New folder\New folder\PC端程序\CameraDownloader\Debug\link-rc.read.1.tlog
C:\Users\Octopus\Desktop\New folder\New folder\PC端程序\CameraDownloader\Debug\link-rc.write.1.tlog
C:\Users\Octopus\Desktop\New folder\New folder\PC端程序\CameraDownloader\Debug\link.110748-cvtres.read.1.tlog
C:\Users\Octopus\Desktop\New folder\New folder\PC端程序\CameraDownloader\Debug\link.110748-cvtres.write.1.tlog
C:\Users\Octopus\Desktop\New folder\New folder\PC端程序\CameraDownloader\Debug\link.110748-rc.read.1.tlog
C:\Users\Octopus\Desktop\New folder\New folder\PC端程序\CameraDownloader\Debug\link.110748-rc.write.1.tlog
C:\Users\Octopus\Desktop\New folder\New folder\PC端程序\CameraDownloader\Debug\link.110748.read.1.tlog
C:\Users\Octopus\Desktop\New folder\New folder\PC端程序\CameraDownloader\Debug\link.110748.write.1.tlog
C:\Users\Octopus\Desktop\New folder\New folder\PC端程序\CameraDownloader\Debug\link.114016-cvtres.read.1.tlog
C:\Users\Octopus\Desktop\New folder\New folder\PC端程序\CameraDownloader\Debug\link.114016-cvtres.write.1.tlog
C:\Users\Octopus\Desktop\New folder\New folder\PC端程序\CameraDownloader\Debug\link.114016-rc.read.1.tlog
C:\Users\Octopus\Desktop\New folder\New folder\PC端程序\CameraDownloader\Debug\link.114016-rc.write.1.tlog
C:\Users\Octopus\Desktop\New folder\New folder\PC端程序\CameraDownloader\Debug\link.114016.read.1.tlog
C:\Users\Octopus\Desktop\New folder\New folder\PC端程序\CameraDownloader\Debug\link.114016.write.1.tlog
C:\Users\Octopus\Desktop\New folder\New folder\PC端程序\CameraDownloader\Debug\link.114872-cvtres.read.1.tlog
C:\Users\Octopus\Desktop\New folder\New folder\PC端程序\CameraDownloader\Debug\link.114872-cvtres.write.1.tlog
C:\Users\Octopus\Desktop\New folder\New folder\PC端程序\CameraDownloader\Debug\link.114872-rc.read.1.tlog
C:\Users\Octopus\Desktop\New folder\New folder\PC端程序\CameraDownloader\Debug\link.114872-rc.write.1.tlog
C:\Users\Octopus\Desktop\New folder\New folder\PC端程序\CameraDownloader\Debug\link.114872.read.1.tlog
C:\Users\Octopus\Desktop\New folder\New folder\PC端程序\CameraDownloader\Debug\link.114872.write.1.tlog
C:\Users\Octopus\Desktop\New folder\New folder\PC端程序\CameraDownloader\Debug\link.86032-cvtres.read.1.tlog
C:\Users\Octopus\Desktop\New folder\New folder\PC端程序\CameraDownloader\Debug\link.86032-cvtres.write.1.tlog
C:\Users\Octopus\Desktop\New folder\New folder\PC端程序\CameraDownloader\Debug\link.86032-rc.read.1.tlog
C:\Users\Octopus\Desktop\New folder\New folder\PC端程序\CameraDownloader\Debug\link.86032-rc.write.1.tlog
C:\Users\Octopus\Desktop\New folder\New folder\PC端程序\CameraDownloader\Debug\link.86032.read.1.tlog
C:\Users\Octopus\Desktop\New folder\New folder\PC端程序\CameraDownloader\Debug\link.86032.write.1.tlog
C:\Users\Octopus\Desktop\New folder\New folder\PC端程序\CameraDownloader\Debug\link.command.1.tlog
C:\Users\Octopus\Desktop\New folder\New folder\PC端程序\CameraDownloader\Debug\link.read.1.tlog
C:\Users\Octopus\Desktop\New folder\New folder\PC端程序\CameraDownloader\Debug\link.write.1.tlog
C:\Users\Octopus\Desktop\New folder\New folder\PC端程序\CameraDownloader\Debug\vc110.idb
C:\Users\Octopus\Desktop\New folder\New folder\PC端程序\CameraDownloader\Debug\vc110.pdb
C:\Users\Octopus\Desktop\New folder\New folder\PC端程序\Debug\CameraDownloader.pdb
C:\Users\Octopus\Desktop\New folder\New folder\PC端程序\Debug\CameraDownloader.exe
C:\Users\Octopus\Desktop\New folder\New folder\PC端程序\Debug\CameraDownloader.ilk
