*** Using Compiler 'V5.06 update 3 (build 300)', folder: 'D:\RJ\keil5\ARM\ARMCC\Bin'
Rebuild target 'Model'
assembling startup_stm32f10x_md.s...
compiling core_cm3.c...
compiling stm32f10x_it.c...
compiling system_stm32f10x.c...
compiling misc.c...
compiling main.c...
compiling stm32f10x_adc.c...
compiling stm32f10x_cec.c...
compiling stm32f10x_crc.c...
compiling stm32f10x_can.c...
compiling stm32f10x_bkp.c...
compiling stm32f10x_dac.c...
compiling stm32f10x_dbgmcu.c...
compiling stm32f10x_dma.c...
compiling stm32f10x_exti.c...
compiling stm32f10x_fsmc.c...
compiling stm32f10x_flash.c...
compiling stm32f10x_iwdg.c...
compiling stm32f10x_pwr.c...
compiling stm32f10x_gpio.c...
compiling stm32f10x_i2c.c...
compiling stm32f10x_rcc.c...
compiling stm32f10x_usart.c...
compiling stm32f10x_rtc.c...
compiling stm32f10x_spi.c...
compiling stm32f10x_tim.c...
compiling stm32f10x_sdio.c...
compiling stm32f10x_wwdg.c...
compiling DHT11.c...
compiling WaterSensor.c...
compiling HX711.c...
compiling oled.c...
compiling HC05.c...
compiling SG90.c...
compiling delay.c...
compiling usart.c...
compiling sys.c...
linking...
Program Size: Code=10350 RO-data=2342 RW-data=916 ZI-data=1852  
FromELF: creating hex file...
"..\OBJ\ben_bishe.axf" - 0 Error(s), 0 Warning(s).
Build Time Elapsed:  00:00:08
