[info] Log at : 2023/11/29|15:31:12|GMT+0800

[info] Log at : 2023/11/29|15:31:20|GMT+0800

[info] Log at : 2023/11/29|15:34:59|GMT+0800

[info] Log at : 2023/11/29|15:35:20|GMT+0800

[info] Log at : 2023/11/29|15:43:41|GMT+0800

[info] Log at : 2023/11/29|15:43:57|GMT+0800

[info] Log at : 2023/11/29|15:50:26|GMT+0800

[info] Log at : 2023/11/29|15:50:30|GMT+0800

[info] Log at : 2023/11/30|03:57:20|GMT+0800

[info] Log at : 2023/11/30|16:13:29|GMT+0800

[SyntaxError: Unexpected end of JSON input
	at JSON.parse (<anonymous>)
	at F.updateCppProperties (c:\Users\MS\.vscode\extensions\cl.keil-assistant-1.7.0\dist\extension.js:1:10911)
	at F.<anonymous> (c:\Users\MS\.vscode\extensions\cl.keil-assistant-1.7.0\dist\extension.js:1:12641)
	at Generator.next (<anonymous>)
	at c:\Users\MS\.vscode\extensions\cl.keil-assistant-1.7.0\dist\extension.js:1:4542
	at new Promise (<anonymous>)
	at r (c:\Users\MS\.vscode\extensions\cl.keil-assistant-1.7.0\dist\extension.js:1:4287)
	at F.load (c:\Users\MS\.vscode\extensions\cl.keil-assistant-1.7.0\dist\extension.js:1:11372)
	at w.<anonymous> (c:\Users\MS\.vscode\extensions\cl.keil-assistant-1.7.0\dist\extension.js:1:8799)
	at Generator.next (<anonymous>)
	at a (c:\Users\MS\.vscode\extensions\cl.keil-assistant-1.7.0\dist\extension.js:1:4344)
	at process.processTicksAndRejections (node:internal/process/task_queues:95:5)]
[info] Log at : 2023/12/1|03:15:02|GMT+0800

[info] Log at : 2023/12/1|19:00:17|GMT+0800

[info] Log at : 2023/12/4|12:19:53|GMT+0800

[info] Log at : 2023/12/4|14:13:35|GMT+0800

[info] Log at : 2023/12/4|14:18:31|GMT+0800

[info] Log at : 2023/12/5|01:45:11|GMT+0800

[info] Log at : 2023/12/5|01:45:17|GMT+0800

[info] Log at : 2023/12/5|01:58:32|GMT+0800

[info] Log at : 2023/12/5|01:58:35|GMT+0800

[info] Log at : 2023/12/5|02:01:32|GMT+0800

[info] Log at : 2023/12/5|02:01:37|GMT+0800

[info] Log at : 2023/12/5|11:47:01|GMT+0800

[info] Log at : 2023/12/5|11:53:34|GMT+0800

[info] Log at : 2023/12/5|11:53:40|GMT+0800

[info] Log at : 2023/12/5|12:03:56|GMT+0800

[info] Log at : 2023/12/5|12:04:01|GMT+0800

[info] Log at : 2023/12/18|22:23:19|GMT+0800

[info] Log at : 2023/12/18|22:31:36|GMT+0800

[info] Log at : 2023/12/21|07:20:02|GMT+0800

[info] Log at : 2023/12/21|07:40:20|GMT+0800

[info] Log at : 2023/12/21|17:24:14|GMT+0800

[info] Log at : 2023/12/22|06:11:29|GMT+0800

[info] Log at : 2023/12/28|00:19:21|GMT+0800

[info] Log at : 2023/12/28|01:03:42|GMT+0800

[info] Log at : 2024/1/5|23:57:31|GMT+0800

[info] Log at : 2024/1/6|02:11:29|GMT+0800

[info] Log at : 2024/1/6|02:14:31|GMT+0800

[info] Log at : 2024/1/6|02:37:03|GMT+0800

[info] Log at : 2024/1/6|12:05:27|GMT+0800

[info] Log at : 2024/1/6|12:19:37|GMT+0800

[info] Log at : 2024/1/11|17:25:24|GMT+0800

[info] Log at : 2024/1/12|01:03:03|GMT+0800

[info] Log at : 2024/1/19|05:13:51|GMT+0800

[info] Log at : 2024/1/25|23:13:02|GMT+0800

[info] Log at : 2024/1/28|16:16:33|GMT+0800

[info] Log at : 2024/1/28|16:43:28|GMT+0800

[info] Log at : 2024/1/28|17:22:16|GMT+0800

[info] Log at : 2024/1/31|00:13:00|GMT+0800

[info] Log at : 2024/1/31|01:20:17|GMT+0800

[info] Log at : 2024/1/31|13:34:46|GMT+0800

[info] Log at : 2024/1/31|14:11:19|GMT+0800

[info] Log at : 2024/2/12|09:23:06|GMT+0800

[info] Log at : 2024/2/12|09:23:14|GMT+0800

[info] Log at : 2024/2/20|12:57:42|GMT+0800

[info] Log at : 2024/2/20|23:26:50|GMT+0800

[info] Log at : 2024/2/21|00:28:04|GMT+0800

