Change Component Comment: Designator=X3 Old Comment==Value New Comment=TFX-04-32.768K
Change Component Comment: Designator=R12 Old Comment==Value New Comment=RC0603JR-130RL
Change Component Comment: Designator=R25 Old Comment==Value New Comment=RP73PF1J1K0BTDF
Change Component Comment: Designator=R26 Old Comment==Value New Comment=RP73PF1J1K0BTDF
Change Component Comment: Designator=R9 Old Comment==Value New Comment=SCR0603F1K
Change Component Comment: Designator=R22 Old Comment==Value New Comment=SCR0603F1K
Change Component Comment: Designator=R23 Old Comment==Value New Comment=SCR0603F1K
Change Component Comment: Designator=R24 Old Comment==Value New Comment=SCR0603F1K
Change Component Comment: Designator=R5 Old Comment==Value New Comment=0603WAF1004T5E
Change Component Comment: Designator=R16 Old Comment==Value New Comment=CRCW06031M00JNEAC
Change Component Comment: Designator=U9 Old Comment==Value New Comment=CGA3E3X5R1V105M080AB
Change Component Comment: Designator=U17 Old Comment==Value New Comment=CGA3E3X5R1V105M080AB
Change Component Comment: Designator=C6 Old Comment==Value New Comment=CL10A105KB8NNNC
Change Component Comment: Designator=C7 Old Comment==Value New Comment=CL10A105KB8NNNC
Change Component Comment: Designator=R20 Old Comment==Value New Comment=SCR0603J2K2
Change Component Comment: Designator=C29 Old Comment==Value New Comment=C1608X6S1A225K080AB
Change Component Comment: Designator=C30 Old Comment==Value New Comment=C1608X6S1A225K080AB
Change Component Comment: Designator=U5 Old Comment==Value New Comment=RTX032001BETP
Change Component Comment: Designator=U41 Old Comment==Value New Comment=RTX032001BETP
Change Component Comment: Designator=U47 Old Comment==Value New Comment=AR03FTDX4701A
Change Component Comment: Designator=U48 Old Comment==Value New Comment=AR03FTDX4701A
Change Component Comment: Designator=X2 Old Comment==Value New Comment=TAXM8M2QLFCDT1T
Change Component Comment: Designator=R11 Old Comment==Value New Comment=3362P-1-103
Change Component Comment: Designator=R8 Old Comment==Value New Comment=SCR0603J10K
Change Component Comment: Designator=R13 Old Comment==Value New Comment=SCR0603J10K
Change Component Comment: Designator=R14 Old Comment==Value New Comment=SCR0603J10K
Change Component Comment: Designator=R15 Old Comment==Value New Comment=SCR0603J10K
Change Component Comment: Designator=R17 Old Comment==Value New Comment=SCR0603J10K
Change Component Comment: Designator=R18 Old Comment==Value New Comment=SCR0603J10K
Change Component Comment: Designator=R19 Old Comment==Value New Comment=SCR0603J10K
Change Component Comment: Designator=U16 Old Comment==Value New Comment=C1608X8R2A103K080AA
Change Component Comment: Designator=U42 Old Comment==Value New Comment=C1608X8R2A103K080AA
Change Component Comment: Designator=U27 Old Comment==Value New Comment=C1608JB1C106M080AB
Change Component Comment: Designator=U28 Old Comment==Value New Comment=C1608JB1C106M080AB
Change Component Comment: Designator=U29 Old Comment==Value New Comment=C1608JB1C106M080AB
Change Component Comment: Designator=U44 Old Comment==Value New Comment=C1608JB1C106M080AB
Change Component Comment: Designator=C12 Old Comment==Value New Comment=C1608X6S0J106M080AC
Change Component Comment: Designator=C25 Old Comment==Value New Comment=C1608X6S0J106M080AC
Change Component Comment: Designator=C3 Old Comment==Value New Comment=CL10A106MA8NRNC
Change Component Comment: Designator=C4 Old Comment==Value New Comment=CL10A106MA8NRNC
Change Component Comment: Designator=U20 Old Comment==Value New Comment=ESK106M1HD11RRSNP-R
Change Component Comment: Designator=U21 Old Comment==Value New Comment=ESK106M1HD11RRSNP-R
Change Component Comment: Designator=U14 Old Comment==Value New Comment=PCAN0603E10R0BST5
Change Component Comment: Designator=U15 Old Comment==Value New Comment=PCAN0603E10R0BST5
Change Component Comment: Designator=U22 Old Comment==Value New Comment=PCAN0603E10R0BST5
Change Component Comment: Designator=X1 Old Comment==Value New Comment=SX3B12.288F2010F30
Change Component Comment: Designator=U7 Old Comment==Value New Comment=C1608CH2A180J080AA
Change Component Comment: Designator=U8 Old Comment==Value New Comment=C1608CH2A180J080AA
Change Component Comment: Designator=U36 Old Comment==Value New Comment=C1608CH2A180J080AA
Change Component Comment: Designator=U37 Old Comment==Value New Comment=C1608CH2A180J080AA
Change Component Comment: Designator=U38 Old Comment==Value New Comment=C1608CH2A180J080AA
Change Component Comment: Designator=U39 Old Comment==Value New Comment=C1608CH2A180J080AA
Change Component Comment: Designator=C14 Old Comment==Value New Comment=C1608X8R1H473K080AA
Change Component Comment: Designator=L1 Old Comment==Value New Comment=SWPA6045S680MT
Change Component Comment: Designator=R6 Old Comment==Value New Comment=ERJ3EKF1003V
Change Component Comment: Designator=R7 Old Comment==Value New Comment=ERJ3EKF1003V
Change Component Comment: Designator=C1 Old Comment==Value New Comment=0603B104K500NT
Change Component Comment: Designator=C2 Old Comment==Value New Comment=0603B104K500NT
Change Component Comment: Designator=C13 Old Comment==Value New Comment=0603B104K500NT
Change Component Comment: Designator=C8 Old Comment==Value New Comment=CGA3E3X8R1H104M080AE
Change Component Comment: Designator=C9 Old Comment==Value New Comment=CGA3E3X8R1H104M080AE
Change Component Comment: Designator=C11 Old Comment==Value New Comment=CGA3E3X8R1H104M080AE
Change Component Comment: Designator=C16 Old Comment==Value New Comment=CGA3E3X8R1H104M080AE
Change Component Comment: Designator=C21 Old Comment==Value New Comment=CGA3E3X8R1H104M080AE
Change Component Comment: Designator=C23 Old Comment==Value New Comment=CGA3E3X8R1H104M080AE
Change Component Comment: Designator=C26 Old Comment==Value New Comment=CGA3E3X8R1H104M080AE
Change Component Comment: Designator=C27 Old Comment==Value New Comment=CGA3E3X8R1H104M080AE
Change Component Comment: Designator=C28 Old Comment==Value New Comment=CGA3E3X8R1H104M080AE
Change Component Comment: Designator=C31 Old Comment==Value New Comment=CGA3E3X8R1H104M080AE
Change Component Comment: Designator=C37 Old Comment==Value New Comment=CGA3E3X8R1H104M080AE
Change Component Comment: Designator=C38 Old Comment==Value New Comment=CGA3E3X8R1H104M080AE
Change Component Comment: Designator=C39 Old Comment==Value New Comment=CGA3E3X8R1H104M080AE
Change Component Comment: Designator=C41 Old Comment==Value New Comment=CGA3E3X8R1H104M080AE
Change Component Comment: Designator=C5 Old Comment==Value New Comment=CL10C101JB8NNNC
Change Component Comment: Designator=R21 Old Comment==Value New Comment=TC0325B3300T5F
Change Component Comment: Designator=C15 Old Comment==Value New Comment=CC0805KKX7R0BB474
Change Component Comment: Designator=C17 Old Comment==Value New Comment=RVT1C471M0607
Change Component Comment: Designator=U49 Old Comment==Value New Comment=Y0794500R000F0W
Change Component Comment: Designator=U50 Old Comment==Value New Comment=Y0794500R000F0W
Change Component Comment: Designator=BUZZER2 Old Comment==Value New Comment=SFN-1407PA7.6
Change Component Comment: Designator=Q2 Old Comment==Manufacturer Part New Comment=SS8050_C2150
Change Component Comment: Designator=Q4 Old Comment==Manufacturer Part New Comment=SS8050_C2150
Change Component Comment: Designator=Q6 Old Comment==Manufacturer Part New Comment=SS8050_C2150
Change Component Comment: Designator=CARD1 Old Comment==Manufacturer Part New Comment=TF-01A_C2889258
