Added Component: Designator=C102(C0603)
Add component (AddParameter): Name = "Add into BOM"; Value = "yes"; VariantName = "[No Variations]"
Add component (AddParameter): Name = "Channel ID"; Value = ""; VariantName = "[No Variations]"
Add component (AddParameter): Name = "Convert to PCB"; Value = "yes"; VariantName = "[No Variations]"
Add component (AddParameter): Name = "Datasheet"; Value = ""; VariantName = "[No Variations]"
Add component (AddParameter): Name = "Device"; Value = "CGA3E3X8R1H104M080AE"; VariantName = "[No Variations]"
Add component (AddParameter): Name = "Group ID"; Value = ""; VariantName = "[No Variations]"
Add component (AddParameter): Name = "JLCPCB Part Class"; Value = ""; VariantName = "[No Variations]"
Add component (AddParameter): Name = "LCSC Part Name"; Value = "100nF °¿20% 50V"; VariantName = "[No Variations]"
Add component (AddParameter): Name = "Manufacturer"; Value = "TDK"; VariantName = "[No Variations]"
Add component (AddParameter): Name = "Manufacturer Part"; Value = "CGA3E3X8R1H104M080AE"; VariantName = "[No Variations]"
Add component (AddParameter): Name = "Name"; Value = "100nF"; VariantName = "[No Variations]"
Add component (AddParameter): Name = "Reuse Block"; Value = ""; VariantName = "[No Variations]"
Add component (AddParameter): Name = "Supplier"; Value = "LCSC"; VariantName = "[No Variations]"
Add component (AddParameter): Name = "Supplier Footprint"; Value = "0603"; VariantName = "[No Variations]"
Add component (AddParameter): Name = "Supplier Part"; Value = "C3855738"; VariantName = "[No Variations]"
Add component (AddParameter): Name = "Symbol"; Value = "CGA3E3X8R1H104M080AE"; VariantName = "[No Variations]"
Add component (AddParameter): Name = "Temperature Coefficient"; Value = "X8R"; VariantName = "[No Variations]"
Add component (AddParameter): Name = "Tolerance"; Value = "°¿20%"; VariantName = "[No Variations]"
Add component (AddParameter): Name = "Value"; Value = "100nF"; VariantName = "[No Variations]"
Add component (AddParameter): Name = "Voltage Rated"; Value = "50V"; VariantName = "[No Variations]"
Added Component: Designator=C103(C0603)
Add component (AddParameter): Name = "Add into BOM"; Value = "yes"; VariantName = "[No Variations]"
Add component (AddParameter): Name = "Channel ID"; Value = ""; VariantName = "[No Variations]"
Add component (AddParameter): Name = "Convert to PCB"; Value = "yes"; VariantName = "[No Variations]"
Add component (AddParameter): Name = "Datasheet"; Value = ""; VariantName = "[No Variations]"
Add component (AddParameter): Name = "Device"; Value = "CGA3E3X8R1H104M080AE"; VariantName = "[No Variations]"
Add component (AddParameter): Name = "Group ID"; Value = ""; VariantName = "[No Variations]"
Add component (AddParameter): Name = "JLCPCB Part Class"; Value = ""; VariantName = "[No Variations]"
Add component (AddParameter): Name = "LCSC Part Name"; Value = "100nF °¿20% 50V"; VariantName = "[No Variations]"
Add component (AddParameter): Name = "Manufacturer"; Value = "TDK"; VariantName = "[No Variations]"
Add component (AddParameter): Name = "Manufacturer Part"; Value = "CGA3E3X8R1H104M080AE"; VariantName = "[No Variations]"
Add component (AddParameter): Name = "Name"; Value = "100nF"; VariantName = "[No Variations]"
Add component (AddParameter): Name = "Reuse Block"; Value = ""; VariantName = "[No Variations]"
Add component (AddParameter): Name = "Supplier"; Value = "LCSC"; VariantName = "[No Variations]"
Add component (AddParameter): Name = "Supplier Footprint"; Value = "0603"; VariantName = "[No Variations]"
Add component (AddParameter): Name = "Supplier Part"; Value = "C3855738"; VariantName = "[No Variations]"
Add component (AddParameter): Name = "Symbol"; Value = "CGA3E3X8R1H104M080AE"; VariantName = "[No Variations]"
Add component (AddParameter): Name = "Temperature Coefficient"; Value = "X8R"; VariantName = "[No Variations]"
Add component (AddParameter): Name = "Tolerance"; Value = "°¿20%"; VariantName = "[No Variations]"
Add component (AddParameter): Name = "Value"; Value = "100nF"; VariantName = "[No Variations]"
Add component (AddParameter): Name = "Voltage Rated"; Value = "50V"; VariantName = "[No Variations]"
Added Component: Designator=P11(HDR2X17)
Add component (AddParameter): Name = "LatestRevisionDate"; Value = "17-Jul-2002"; VariantName = "[No Variations]"
Add component (AddParameter): Name = "LatestRevisionNote"; Value = "Re-released for DXP Platform."; VariantName = "[No Variations]"
Add component (AddParameter): Name = "Publisher"; Value = "Altium Limited"; VariantName = "[No Variations]"
Added Pin To Net: NetName=GND Pin=C102-1
Added Pin To Net: NetName=+5V Pin=C102-2
Added Pin To Net: NetName=GND Pin=C103-1
Added Pin To Net: NetName=3V3 Pin=C103-2
Added Pin To Net: NetName=FSMC_NE4 Pin=P11-1
Added Pin To Net: NetName=FSMC_A6 Pin=P11-2
Added Pin To Net: NetName=FSMC_NWE Pin=P11-3
Added Pin To Net: NetName=FSMC_NOE Pin=P11-4
Added Pin To Net: NetName=RESET Pin=P11-5
Added Pin To Net: NetName=FSMC_D0 Pin=P11-6
Added Pin To Net: NetName=FSMC_D1 Pin=P11-7
Added Pin To Net: NetName=FSMC_D2 Pin=P11-8
Added Pin To Net: NetName=FSMC_D3 Pin=P11-9
Added Pin To Net: NetName=FSMC_D4 Pin=P11-10
Added Pin To Net: NetName=FSMC_D5 Pin=P11-11
Added Pin To Net: NetName=FSMC_D6 Pin=P11-12
Added Pin To Net: NetName=FSMC_D7 Pin=P11-13
Added Pin To Net: NetName=FSMC_D8 Pin=P11-14
Added Pin To Net: NetName=FSMC_D9 Pin=P11-15
Added Pin To Net: NetName=FSMC_D10 Pin=P11-16
Added Pin To Net: NetName=FSMC_D11 Pin=P11-17
Added Pin To Net: NetName=FSMC_D12 Pin=P11-18
Added Pin To Net: NetName=FSMC_D13 Pin=P11-19
Added Pin To Net: NetName=FSMC_D14 Pin=P11-20
Added Pin To Net: NetName=FSMC_D15 Pin=P11-21
Added Pin To Net: NetName=GND Pin=P11-22
Added Pin To Net: NetName=LCD_BL Pin=P11-23
Added Pin To Net: NetName=3V3 Pin=P11-24
Added Pin To Net: NetName=3V3 Pin=P11-25
Added Pin To Net: NetName=GND Pin=P11-26
Added Pin To Net: NetName=GND Pin=P11-27
Added Pin To Net: NetName=+5V Pin=P11-28
Added Pin To Net: NetName=T_MISO Pin=P11-29
Added Pin To Net: NetName=T_MOSI Pin=P11-30
Added Pin To Net: NetName=T_PEN Pin=P11-31
Added Pin To Net: NetName=T_CS Pin=P11-33
Added Pin To Net: NetName=T_SCK Pin=P11-34
Added Member To Class: ClassName=3_”Ô“Ùƒ£øÈ.schdoc Member=Component C102 100nF
Added Member To Class: ClassName=3_”Ô“Ùƒ£øÈ.schdoc Member=Component C103 100nF
Added Member To Class: ClassName=3_”Ô“Ùƒ£øÈ.schdoc Member=Component P11 TFTLCD
Added Room: Name=1_Board.schdoc
Added Room: Name=2_MCU.schdoc
Added Room: Name=3_”Ô“Ùƒ£øÈ.schdoc
Added Room: Name=4_POW.schdoc
