Removed Pin From Net: NetName=GND Pin=C3-2
Removed Pin From Net: NetName=GND Pin=C9-2
Removed Pin From Net: NetName=GND Pin=C11-1
Removed Pin From Net: NetName=GND Pin=C12-1
Removed Pin From Net: NetName=GND Pin=C14-2
Removed Pin From Net: NetName=+5V Pin=C16-1
Removed Pin From Net: NetName=GND Pin=C16-2
Removed Pin From Net: NetName=GND Pin=C28-1
Removed Pin From Net: NetName=3V3 Pin=C28-2
Removed Pin From Net: NetName=3V3 Pin=C100-1
Removed Pin From Net: NetName=GND Pin=C100-2
Removed Pin From Net: NetName=GND Pin=C101-2
Removed Pin From Net: NetName=3V3 Pin=C102-1
Removed Pin From Net: NetName=GND Pin=C102-2
Removed Pin From Net: NetName=GND Pin=CARD1-3
Removed Pin From Net: NetName=3V3 Pin=CARD1-4
Removed Pin From Net: NetName=GND Pin=CARD1-6
Removed Pin From Net: NetName=GND Pin=CARD1-10
Removed Pin From Net: NetName=GND Pin=CARD1-11
Removed Pin From Net: NetName=GND Pin=CARD1-12
Removed Pin From Net: NetName=GND Pin=CARD1-13
Removed Pin From Net: NetName=GND Pin=CN2-2
Removed Pin From Net: NetName=GND Pin=R4-2
Removed Pin From Net: NetName=GND Pin=R6-2
Removed Pin From Net: NetName=3V3 Pin=R7-2
Removed Pin From Net: NetName=+5V Pin=R8-2
Removed Pin From Net: NetName=GND Pin=U6-4
Removed Pin From Net: NetName=3V3 Pin=U6-6
Removed Pin From Net: NetName=3V3 Pin=U6-14
Removed Pin From Net: NetName=GND Pin=U6-16
Removed Pin From Net: NetName=3V3 Pin=U6-19
Removed Pin From Net: NetName=GND Pin=U6-20
Removed Pin From Net: NetName=GND Pin=U6-21
Removed Pin From Net: NetName=GND Pin=U6-22
Removed Pin From Net: NetName=3V3 Pin=U6-32
Removed Pin From Net: NetName=GND Pin=U6-35
Removed Pin From Net: NetName=GND Pin=U6-37
Removed Pin From Net: NetName=GND Pin=U6-40
Removed Pin From Net: NetName=GND Pin=U6-41
Removed Pin From Net: NetName=GND Pin=U6-47
Removed Pin From Net: NetName=GND Pin=U7-2
Removed Pin From Net: NetName=GND Pin=U8-2
Removed Pin From Net: NetName=GND Pin=U9-2
Removed Pin From Net: NetName=GND Pin=U10-1
Removed Pin From Net: NetName=3V3 Pin=U10-3
Removed Pin From Net: NetName=IIC_SCL Pin=U11-4
Removed Pin From Net: NetName=IIC_SDA Pin=U11-6
Removed Pin From Net: NetName=+5V Pin=U13-6
Removed Pin From Net: NetName=GND Pin=U13-7
Removed Pin From Net: NetName=GND Pin=U16-2
Removed Pin From Net: NetName=GND Pin=U17-1
Removed Pin From Net: NetName=GND Pin=U18-1
Removed Pin From Net: NetName=3V3 Pin=U22-1
Removed Pin From Net: NetName=B_SWITCH Pin=U40-28
Removed Pin From Net: NetName=B_WPS Pin=U40-29
Removed Pin From Net: NetName=IIC_SCL Pin=U40-59
Removed Pin From Net: NetName=IIC_SDA Pin=U40-60
Removed Pin From Net: NetName=PC0 Pin=U46-1
Removed Pin From Net: NetName=PA3 Pin=U46-2
Removed Pin From Net: NetName=PC1 Pin=U46-3
Removed Pin From Net: NetName=PA5 Pin=U46-4
Removed Pin From Net: NetName=PC4 Pin=U46-5
Removed Pin From Net: NetName=PC5 Pin=U46-7
Removed Pin From Net: NetName=PA9 Pin=U46-8
Removed Pin From Net: NetName=PC10 Pin=U46-9
Removed Pin From Net: NetName=PA10 Pin=U46-10
Removed Pin From Net: NetName=PC13 Pin=U46-11
Removed Pin From Net: NetName=PA12 Pin=U46-12
Removed Pin From Net: NetName=PE2 Pin=U46-18
Removed Pin From Net: NetName=PE3 Pin=U46-20
Removed Pin From Net: NetName=PE4 Pin=U46-22
Removed Pin From Net: NetName=PF7 Pin=U46-31
Removed Pin From Net: NetName=PF6 Pin=U46-33
Removed Pin From Net: NetName=PF8 Pin=U46-35
Removed Pin From Net: NetName=IIC_SDA Pin=U46-36
Removed Pin From Net: NetName=PF9 Pin=U46-37
Removed Pin From Net: NetName=IIC_SCL Pin=U46-38
Removed Pin From Net: NetName=PF10 Pin=U46-39
Removed Pin From Net: NetName=PF11 Pin=U46-41
Removed Pin From Net: NetName=3V3 Pin=U47-1
Removed Pin From Net: NetName=IIC_SDA Pin=U47-2
Removed Pin From Net: NetName=3V3 Pin=U48-1
Removed Pin From Net: NetName=IIC_SCL Pin=U48-2
Removed Pin From Net: NetName=GND Pin=X1-2
Removed Pin From Net: NetName=GND Pin=X1-4
Removed Member From Class: ClassName=3_”Ô“Ùƒ£øÈ.schdoc Member=C3
Removed Member From Class: ClassName=3_”Ô“Ùƒ£øÈ.schdoc Member=C4
Removed Member From Class: ClassName=3_”Ô“Ùƒ£øÈ.schdoc Member=C5
Removed Member From Class: ClassName=3_”Ô“Ùƒ£øÈ.schdoc Member=C6
Removed Member From Class: ClassName=3_”Ô“Ùƒ£øÈ.schdoc Member=C7
Removed Member From Class: ClassName=3_”Ô“Ùƒ£øÈ.schdoc Member=C9
Removed Member From Class: ClassName=4_POW.schdoc Member=C11
Removed Member From Class: ClassName=4_POW.schdoc Member=C12
Removed Member From Class: ClassName=3_”Ô“Ùƒ£øÈ.schdoc Member=C14
Removed Member From Class: ClassName=3_”Ô“Ùƒ£øÈ.schdoc Member=C15
Removed Member From Class: ClassName=3_”Ô“Ùƒ£øÈ.schdoc Member=C16
Removed Member From Class: ClassName=4_POW.schdoc Member=C28
Removed Member From Class: ClassName=3_”Ô“Ùƒ£øÈ.schdoc Member=C102
Removed Member From Class: ClassName=1_Board.schdoc Member=CARD1
Removed Member From Class: ClassName=3_”Ô“Ùƒ£øÈ.schdoc Member=CN1
Removed Member From Class: ClassName=4_POW.schdoc Member=CN2
Removed Member From Class: ClassName=3_”Ô“Ùƒ£øÈ.schdoc Member=MIC1
Removed Member From Class: ClassName=3_”Ô“Ùƒ£øÈ.schdoc Member=R1
Removed Member From Class: ClassName=3_”Ô“Ùƒ£øÈ.schdoc Member=R2
Removed Member From Class: ClassName=3_”Ô“Ùƒ£øÈ.schdoc Member=R3
Removed Member From Class: ClassName=3_”Ô“Ùƒ£øÈ.schdoc Member=R4
Removed Member From Class: ClassName=3_”Ô“Ùƒ£øÈ.schdoc Member=R5
Removed Member From Class: ClassName=3_”Ô“Ùƒ£øÈ.schdoc Member=R6
Removed Member From Class: ClassName=3_”Ô“Ùƒ£øÈ.schdoc Member=R7
Removed Member From Class: ClassName=3_”Ô“Ùƒ£øÈ.schdoc Member=R8
Removed Member From Class: ClassName=3_”Ô“Ùƒ£øÈ.schdoc Member=R9
Removed Member From Class: ClassName=3_”Ô“Ùƒ£øÈ.schdoc Member=R11
Removed Member From Class: ClassName=3_”Ô“Ùƒ£øÈ.schdoc Member=U6
Removed Member From Class: ClassName=3_”Ô“Ùƒ£øÈ.schdoc Member=U7
Removed Member From Class: ClassName=3_”Ô“Ùƒ£øÈ.schdoc Member=U8
Removed Member From Class: ClassName=3_”Ô“Ùƒ£øÈ.schdoc Member=U9
Removed Member From Class: ClassName=4_POW.schdoc Member=U10
Removed Member From Class: ClassName=3_”Ô“Ùƒ£øÈ.schdoc Member=U13
Removed Member From Class: ClassName=3_”Ô“Ùƒ£øÈ.schdoc Member=U14
Removed Member From Class: ClassName=3_”Ô“Ùƒ£øÈ.schdoc Member=U15
Removed Member From Class: ClassName=3_”Ô“Ùƒ£øÈ.schdoc Member=U16
Removed Member From Class: ClassName=3_”Ô“Ùƒ£øÈ.schdoc Member=U17
Removed Member From Class: ClassName=3_”Ô“Ùƒ£øÈ.schdoc Member=U18
Removed Member From Class: ClassName=4_POW.schdoc Member=U22
Removed Member From Class: ClassName=2_MCU.schdoc Member=U46
Removed Member From Class: ClassName=2_MCU.schdoc Member=U47
Removed Member From Class: ClassName=2_MCU.schdoc Member=U48
Removed Member From Class: ClassName=3_”Ô“Ùƒ£øÈ.schdoc Member=X1
Change Component Comment : Designator=R24 Old Comment=1k¶∏ New Comment=1.5k
Change component parameters: Designator = "R24" ("R24"); Footprint = "R0603"; UniqueID = "\gge85" ("\gge85")
Change component parameters (AddParameter): Name = "Add into BOM"; Value = "yes"; VariantName = "[No Variations]"
Change component parameters (AddParameter): Name = "Channel ID"; Value = ""; VariantName = "[No Variations]"
Change component parameters (AddParameter): Name = "Convert to PCB"; Value = "yes"; VariantName = "[No Variations]"
Change component parameters (AddParameter): Name = "Datasheet"; Value = "https://atta.szlcsc.com/upload/public/pdf/source/20220513/247AF9639BA21CF93567DC289CCC6A22.pdf"; VariantName = "[No Variations]"
Change component parameters (AddParameter): Name = "Device"; Value = "SCR0603F1K"; VariantName = "[No Variations]"
Change component parameters (AddParameter): Name = "Group ID"; Value = ""; VariantName = "[No Variations]"
Change component parameters (AddParameter): Name = "JLCPCB Part Class"; Value = "¿©’πø‚"; VariantName = "[No Variations]"
Change component parameters (AddParameter): Name = "LCSC Part Name"; Value = "1k¶∏ °¿1%"; VariantName = "[No Variations]"
Change component parameters (AddParameter): Name = "Manufacturer"; Value = "VO(œË §)"; VariantName = "[No Variations]"
Change component parameters (AddParameter): Name = "Manufacturer Part"; Value = "SCR0603F1K"; VariantName = "[No Variations]"
Change component parameters (AddParameter): Name = "Name"; Value = "Value"; VariantName = "[No Variations]"
Change component parameters (AddParameter): Name = "Reuse Block"; Value = ""; VariantName = "[No Variations]"
Change component parameters (AddParameter): Name = "Supplier"; Value = "LCSC"; VariantName = "[No Variations]"
Change component parameters (AddParameter): Name = "Supplier Footprint"; Value = "0603"; VariantName = "[No Variations]"
Change component parameters (AddParameter): Name = "Supplier Part"; Value = "C3016283"; VariantName = "[No Variations]"
Change component parameters (AddParameter): Name = "Symbol"; Value = "SCR0603F1K"; VariantName = "[No Variations]"
Change component parameters (AddParameter): Name = "Tolerance"; Value = "°¿1%"; VariantName = "[No Variations]"
Change component parameters (AddParameter): Name = "Value"; Value = "1k¶∏"; VariantName = "[No Variations]"
Added Component: Designator=CN?(CONN-TH_2P-P2.50_HX25003-2A)
Add component (AddParameter): Name = "Add into BOM"; Value = "yes"; VariantName = "[No Variations]"
Add component (AddParameter): Name = "Channel ID"; Value = ""; VariantName = "[No Variations]"
Add component (AddParameter): Name = "Contact Material"; Value = "ª∆Õ≠"; VariantName = "[No Variations]"
Add component (AddParameter): Name = "Contact Plating"; Value = "Œ˝"; VariantName = "[No Variations]"
Add component (AddParameter): Name = "Convert to PCB"; Value = "yes"; VariantName = "[No Variations]"
Add component (AddParameter): Name = "Current Rating (Max)"; Value = "3A"; VariantName = "[No Variations]"
Add component (AddParameter): Name = "Datasheet"; Value = "https://atta.szlcsc.com/upload/public/pdf/source/20230619/19BA6947230AA44A04D3EDD65E618FD0.pdf"; VariantName = "[No Variations]"
Add component (AddParameter): Name = "Device"; Value = "ZX-XH2.54-2PZZ"; VariantName = "[No Variations]"
Add component (AddParameter): Name = "Gender"; Value = "π´–Õ≤Â’Î"; VariantName = "[No Variations]"
Add component (AddParameter): Name = "Group ID"; Value = ""; VariantName = "[No Variations]"
Add component (AddParameter): Name = "JLCPCB Part Class"; Value = "¿©’πø‚"; VariantName = "[No Variations]"
Add component (AddParameter): Name = "LCSC Part Name"; Value = "œµ¡–:XH º‰æ‡:2.54mm 1x2P ÷±≤Â"; VariantName = "[No Variations]"
Add component (AddParameter): Name = "Manufacturer"; Value = "Megastar(’◊–«)"; VariantName = "[No Variations]"
Add component (AddParameter): Name = "Manufacturer Part"; Value = "ZX-XH2.54-2PZZ"; VariantName = "[No Variations]"
Add component (AddParameter): Name = "Mounting Style"; Value = "÷±≤Â"; VariantName = "[No Variations]"
Add component (AddParameter): Name = "Name"; Value = "ZX-XH2.54-2PZZ"; VariantName = "[No Variations]"
Add component (AddParameter): Name = "Number of PINs Per Row"; Value = "2"; VariantName = "[No Variations]"
Add component (AddParameter): Name = "Number of Rows"; Value = "1"; VariantName = "[No Variations]"
Add component (AddParameter): Name = "Operating Temperature Range"; Value = "-25°Ê~+85°Ê"; VariantName = "[No Variations]"
Add component (AddParameter): Name = "Pins Structure"; Value = "1x2P"; VariantName = "[No Variations]"
Add component (AddParameter): Name = "Pitch"; Value = "2.54mm"; VariantName = "[No Variations]"
Add component (AddParameter): Name = "Reference Series"; Value = "XH"; VariantName = "[No Variations]"
Add component (AddParameter): Name = "Reuse Block"; Value = ""; VariantName = "[No Variations]"
Add component (AddParameter): Name = "Row Spacing"; Value = "-"; VariantName = "[No Variations]"
Add component (AddParameter): Name = "Supplier"; Value = "LCSC"; VariantName = "[No Variations]"
Add component (AddParameter): Name = "Supplier Footprint"; Value = "≤Âº˛,P=2.54mm"; VariantName = "[No Variations]"
Add component (AddParameter): Name = "Supplier Part"; Value = "C7429632"; VariantName = "[No Variations]"
Add component (AddParameter): Name = "Symbol"; Value = "ZX-XH2.54-2PZZ"; VariantName = "[No Variations]"
Add component (AddParameter): Name = "Welding Temperature (Max)"; Value = "260°Ê"; VariantName = "[No Variations]"
Added Component: Designator=P100(HDR2X6)
Add component (AddParameter): Name = "LatestRevisionDate"; Value = "17-Jul-2002"; VariantName = "[No Variations]"
Add component (AddParameter): Name = "LatestRevisionNote"; Value = "Re-released for DXP Platform."; VariantName = "[No Variations]"
Add component (AddParameter): Name = "Publisher"; Value = "Altium Limited"; VariantName = "[No Variations]"
Added Component: Designator=R100(R0603)
Add component (AddParameter): Name = "Add into BOM"; Value = "yes"; VariantName = "[No Variations]"
Add component (AddParameter): Name = "Channel ID"; Value = ""; VariantName = "[No Variations]"
Add component (AddParameter): Name = "Convert to PCB"; Value = "yes"; VariantName = "[No Variations]"
Add component (AddParameter): Name = "Datasheet"; Value = "https://atta.szlcsc.com/upload/public/pdf/source/20220513/247AF9639BA21CF93567DC289CCC6A22.pdf"; VariantName = "[No Variations]"
Add component (AddParameter): Name = "Device"; Value = "SCR0603J10K"; VariantName = "[No Variations]"
Add component (AddParameter): Name = "Group ID"; Value = ""; VariantName = "[No Variations]"
Add component (AddParameter): Name = "JLCPCB Part Class"; Value = "¿©’πø‚"; VariantName = "[No Variations]"
Add component (AddParameter): Name = "LCSC Part Name"; Value = "10k¶∏ °¿5%"; VariantName = "[No Variations]"
Add component (AddParameter): Name = "Manufacturer"; Value = "VO(œË §)"; VariantName = "[No Variations]"
Add component (AddParameter): Name = "Manufacturer Part"; Value = "SCR0603J10K"; VariantName = "[No Variations]"
Add component (AddParameter): Name = "Name"; Value = "10k¶∏"; VariantName = "[No Variations]"
Add component (AddParameter): Name = "Reuse Block"; Value = ""; VariantName = "[No Variations]"
Add component (AddParameter): Name = "Supplier"; Value = "LCSC"; VariantName = "[No Variations]"
Add component (AddParameter): Name = "Supplier Footprint"; Value = "0603"; VariantName = "[No Variations]"
Add component (AddParameter): Name = "Supplier Part"; Value = "C3017715"; VariantName = "[No Variations]"
Add component (AddParameter): Name = "Symbol"; Value = "SCR0603J10K"; VariantName = "[No Variations]"
Add component (AddParameter): Name = "Tolerance"; Value = "°¿5%"; VariantName = "[No Variations]"
Add component (AddParameter): Name = "Value"; Value = "10k¶∏"; VariantName = "[No Variations]"
Added Component: Designator=R101(R0603)
Add component (AddParameter): Name = "Add into BOM"; Value = "yes"; VariantName = "[No Variations]"
Add component (AddParameter): Name = "Channel ID"; Value = ""; VariantName = "[No Variations]"
Add component (AddParameter): Name = "Convert to PCB"; Value = "yes"; VariantName = "[No Variations]"
Add component (AddParameter): Name = "Datasheet"; Value = "https://atta.szlcsc.com/upload/public/pdf/source/20220822/046AFDAF81466BFF443BF7BC902F6DB1.pdf"; VariantName = "[No Variations]"
Add component (AddParameter): Name = "Device"; Value = "RTX032001BETP"; VariantName = "[No Variations]"
Add component (AddParameter): Name = "Group ID"; Value = ""; VariantName = "[No Variations]"
Add component (AddParameter): Name = "JLCPCB Part Class"; Value = ""; VariantName = "[No Variations]"
Add component (AddParameter): Name = "LCSC Part Name"; Value = "2k¶∏ °¿0.1%"; VariantName = "[No Variations]"
Add component (AddParameter): Name = "Manufacturer"; Value = "RALEC(Õ˙⁄π)"; VariantName = "[No Variations]"
Add component (AddParameter): Name = "Manufacturer Part"; Value = "RTX032001BETP"; VariantName = "[No Variations]"
Add component (AddParameter): Name = "Name"; Value = "2k¶∏"; VariantName = "[No Variations]"
Add component (AddParameter): Name = "Reuse Block"; Value = ""; VariantName = "[No Variations]"
Add component (AddParameter): Name = "Supplier"; Value = "LCSC"; VariantName = "[No Variations]"
Add component (AddParameter): Name = "Supplier Footprint"; Value = "0603"; VariantName = "[No Variations]"
Add component (AddParameter): Name = "Supplier Part"; Value = "C5141181"; VariantName = "[No Variations]"
Add component (AddParameter): Name = "Symbol"; Value = "RTX032001BETP"; VariantName = "[No Variations]"
Add component (AddParameter): Name = "Temperature Coefficient"; Value = "°¿50ppm/°Ê"; VariantName = "[No Variations]"
Add component (AddParameter): Name = "Tolerance"; Value = "°¿0.1%"; VariantName = "[No Variations]"
Add component (AddParameter): Name = "Value"; Value = "2k¶∏"; VariantName = "[No Variations]"
Added Component: Designator=R102(R0603)
Add component (AddParameter): Name = "Add into BOM"; Value = "yes"; VariantName = "[No Variations]"
Add component (AddParameter): Name = "Channel ID"; Value = ""; VariantName = "[No Variations]"
Add component (AddParameter): Name = "Convert to PCB"; Value = "yes"; VariantName = "[No Variations]"
Add component (AddParameter): Name = "Datasheet"; Value = "https://atta.szlcsc.com/upload/public/pdf/source/20220822/046AFDAF81466BFF443BF7BC902F6DB1.pdf"; VariantName = "[No Variations]"
Add component (AddParameter): Name = "Device"; Value = "RTX032001BETP"; VariantName = "[No Variations]"
Add component (AddParameter): Name = "Group ID"; Value = ""; VariantName = "[No Variations]"
Add component (AddParameter): Name = "JLCPCB Part Class"; Value = ""; VariantName = "[No Variations]"
Add component (AddParameter): Name = "LCSC Part Name"; Value = "2k¶∏ °¿0.1%"; VariantName = "[No Variations]"
Add component (AddParameter): Name = "Manufacturer"; Value = "RALEC(Õ˙⁄π)"; VariantName = "[No Variations]"
Add component (AddParameter): Name = "Manufacturer Part"; Value = "RTX032001BETP"; VariantName = "[No Variations]"
Add component (AddParameter): Name = "Name"; Value = "2k¶∏"; VariantName = "[No Variations]"
Add component (AddParameter): Name = "Reuse Block"; Value = ""; VariantName = "[No Variations]"
Add component (AddParameter): Name = "Supplier"; Value = "LCSC"; VariantName = "[No Variations]"
Add component (AddParameter): Name = "Supplier Footprint"; Value = "0603"; VariantName = "[No Variations]"
Add component (AddParameter): Name = "Supplier Part"; Value = "C5141181"; VariantName = "[No Variations]"
Add component (AddParameter): Name = "Symbol"; Value = "RTX032001BETP"; VariantName = "[No Variations]"
Add component (AddParameter): Name = "Temperature Coefficient"; Value = "°¿50ppm/°Ê"; VariantName = "[No Variations]"
Add component (AddParameter): Name = "Tolerance"; Value = "°¿0.1%"; VariantName = "[No Variations]"
Add component (AddParameter): Name = "Value"; Value = "2k¶∏"; VariantName = "[No Variations]"
Added Component: Designator=R103(R0603)
Add component (AddParameter): Name = "Add into BOM"; Value = "yes"; VariantName = "[No Variations]"
Add component (AddParameter): Name = "Channel ID"; Value = ""; VariantName = "[No Variations]"
Add component (AddParameter): Name = "Convert to PCB"; Value = "yes"; VariantName = "[No Variations]"
Add component (AddParameter): Name = "Datasheet"; Value = "https://atta.szlcsc.com/upload/public/pdf/source/20220822/046AFDAF81466BFF443BF7BC902F6DB1.pdf"; VariantName = "[No Variations]"
Add component (AddParameter): Name = "Device"; Value = "RTX032001BETP"; VariantName = "[No Variations]"
Add component (AddParameter): Name = "Group ID"; Value = ""; VariantName = "[No Variations]"
Add component (AddParameter): Name = "JLCPCB Part Class"; Value = ""; VariantName = "[No Variations]"
Add component (AddParameter): Name = "LCSC Part Name"; Value = "2k¶∏ °¿0.1%"; VariantName = "[No Variations]"
Add component (AddParameter): Name = "Manufacturer"; Value = "RALEC(Õ˙⁄π)"; VariantName = "[No Variations]"
Add component (AddParameter): Name = "Manufacturer Part"; Value = "RTX032001BETP"; VariantName = "[No Variations]"
Add component (AddParameter): Name = "Name"; Value = "2k¶∏"; VariantName = "[No Variations]"
Add component (AddParameter): Name = "Reuse Block"; Value = ""; VariantName = "[No Variations]"
Add component (AddParameter): Name = "Supplier"; Value = "LCSC"; VariantName = "[No Variations]"
Add component (AddParameter): Name = "Supplier Footprint"; Value = "0603"; VariantName = "[No Variations]"
Add component (AddParameter): Name = "Supplier Part"; Value = "C5141181"; VariantName = "[No Variations]"
Add component (AddParameter): Name = "Symbol"; Value = "RTX032001BETP"; VariantName = "[No Variations]"
Add component (AddParameter): Name = "Temperature Coefficient"; Value = "°¿50ppm/°Ê"; VariantName = "[No Variations]"
Add component (AddParameter): Name = "Tolerance"; Value = "°¿0.1%"; VariantName = "[No Variations]"
Add component (AddParameter): Name = "Value"; Value = "2k¶∏"; VariantName = "[No Variations]"
Added Component: Designator=R104(R0603)
Add component (AddParameter): Name = "Add into BOM"; Value = "yes"; VariantName = "[No Variations]"
Add component (AddParameter): Name = "Channel ID"; Value = ""; VariantName = "[No Variations]"
Add component (AddParameter): Name = "Convert to PCB"; Value = "yes"; VariantName = "[No Variations]"
Add component (AddParameter): Name = "Datasheet"; Value = "https://atta.szlcsc.com/upload/public/pdf/source/20220822/046AFDAF81466BFF443BF7BC902F6DB1.pdf"; VariantName = "[No Variations]"
Add component (AddParameter): Name = "Device"; Value = "RTX032001BETP"; VariantName = "[No Variations]"
Add component (AddParameter): Name = "Group ID"; Value = ""; VariantName = "[No Variations]"
Add component (AddParameter): Name = "JLCPCB Part Class"; Value = ""; VariantName = "[No Variations]"
Add component (AddParameter): Name = "LCSC Part Name"; Value = "2k¶∏ °¿0.1%"; VariantName = "[No Variations]"
Add component (AddParameter): Name = "Manufacturer"; Value = "RALEC(Õ˙⁄π)"; VariantName = "[No Variations]"
Add component (AddParameter): Name = "Manufacturer Part"; Value = "RTX032001BETP"; VariantName = "[No Variations]"
Add component (AddParameter): Name = "Name"; Value = "2k¶∏"; VariantName = "[No Variations]"
Add component (AddParameter): Name = "Reuse Block"; Value = ""; VariantName = "[No Variations]"
Add component (AddParameter): Name = "Supplier"; Value = "LCSC"; VariantName = "[No Variations]"
Add component (AddParameter): Name = "Supplier Footprint"; Value = "0603"; VariantName = "[No Variations]"
Add component (AddParameter): Name = "Supplier Part"; Value = "C5141181"; VariantName = "[No Variations]"
Add component (AddParameter): Name = "Symbol"; Value = "RTX032001BETP"; VariantName = "[No Variations]"
Add component (AddParameter): Name = "Temperature Coefficient"; Value = "°¿50ppm/°Ê"; VariantName = "[No Variations]"
Add component (AddParameter): Name = "Tolerance"; Value = "°¿0.1%"; VariantName = "[No Variations]"
Add component (AddParameter): Name = "Value"; Value = "2k¶∏"; VariantName = "[No Variations]"
Added Component: Designator=R105(R0603)
Add component (AddParameter): Name = "Add into BOM"; Value = "yes"; VariantName = "[No Variations]"
Add component (AddParameter): Name = "Channel ID"; Value = ""; VariantName = "[No Variations]"
Add component (AddParameter): Name = "Convert to PCB"; Value = "yes"; VariantName = "[No Variations]"
Add component (AddParameter): Name = "Datasheet"; Value = "https://atta.szlcsc.com/upload/public/pdf/source/20220822/046AFDAF81466BFF443BF7BC902F6DB1.pdf"; VariantName = "[No Variations]"
Add component (AddParameter): Name = "Device"; Value = "RTX032001BETP"; VariantName = "[No Variations]"
Add component (AddParameter): Name = "Group ID"; Value = ""; VariantName = "[No Variations]"
Add component (AddParameter): Name = "JLCPCB Part Class"; Value = ""; VariantName = "[No Variations]"
Add component (AddParameter): Name = "LCSC Part Name"; Value = "2k¶∏ °¿0.1%"; VariantName = "[No Variations]"
Add component (AddParameter): Name = "Manufacturer"; Value = "RALEC(Õ˙⁄π)"; VariantName = "[No Variations]"
Add component (AddParameter): Name = "Manufacturer Part"; Value = "RTX032001BETP"; VariantName = "[No Variations]"
Add component (AddParameter): Name = "Name"; Value = "2k¶∏"; VariantName = "[No Variations]"
Add component (AddParameter): Name = "Reuse Block"; Value = ""; VariantName = "[No Variations]"
Add component (AddParameter): Name = "Supplier"; Value = "LCSC"; VariantName = "[No Variations]"
Add component (AddParameter): Name = "Supplier Footprint"; Value = "0603"; VariantName = "[No Variations]"
Add component (AddParameter): Name = "Supplier Part"; Value = "C5141181"; VariantName = "[No Variations]"
Add component (AddParameter): Name = "Symbol"; Value = "RTX032001BETP"; VariantName = "[No Variations]"
Add component (AddParameter): Name = "Temperature Coefficient"; Value = "°¿50ppm/°Ê"; VariantName = "[No Variations]"
Add component (AddParameter): Name = "Tolerance"; Value = "°¿0.1%"; VariantName = "[No Variations]"
Add component (AddParameter): Name = "Value"; Value = "2k¶∏"; VariantName = "[No Variations]"
Added Pin To Net: NetName=GND Pin=C100-1
Added Pin To Net: NetName=3V3 Pin=C100-2
Added Pin To Net: NetName=GND Pin=C101-1
Added Pin To Net: NetName=3V3 Pin=C101-2
Added Pin To Net: NetName=GND Pin=CN?-1
Added Pin To Net: NetName=IIC_SCL Pin=P100-5
Added Pin To Net: NetName=DCMI_D0 Pin=P100-6
Added Pin To Net: NetName=IIC_SDA Pin=P100-8
Added Pin To Net: NetName=3V3 Pin=P100-9
Added Pin To Net: NetName=GND Pin=P100-10
Added Pin To Net: NetName=GND Pin=P100-11
Added Pin To Net: NetName=+5V Pin=P100-12
Added Pin To Net: NetName=3V3 Pin=R100-1
Added Pin To Net: NetName=3V3 Pin=R101-2
Added Pin To Net: NetName=3V3 Pin=R102-2
Added Pin To Net: NetName=3V3 Pin=R103-2
Added Pin To Net: NetName=3V3 Pin=R104-2
Added Pin To Net: NetName=3V3 Pin=R105-2
Added Pin To Net: NetName=IIC_SCL Pin=U40-139
Added Pin To Net: NetName=IIC_SDA Pin=U40-140
Added Pin To Net: NetName=AIN Pin=P100-7
Added Net: Name=AIN
Added Pin To Net: NetName=DCMI_SCL Pin=U11-4
Added Pin To Net: NetName=DCMI_SCL Pin=U40-122
Added Net: Name=DCMI_SCL
Added Pin To Net: NetName=DCMI_SDA Pin=U11-6
Added Pin To Net: NetName=DCMI_SDA Pin=U40-123
Added Net: Name=DCMI_SDA
Added Pin To Net: NetName=FSMC_A0 Pin=U40-10
Added Net: Name=FSMC_A0
Added Pin To Net: NetName=FSMC_A1 Pin=U40-11
Added Net: Name=FSMC_A1
Added Pin To Net: NetName=FSMC_A2 Pin=U40-12
Added Net: Name=FSMC_A2
Added Pin To Net: NetName=FSMC_A3 Pin=U40-13
Added Net: Name=FSMC_A3
Added Pin To Net: NetName=FSMC_A4 Pin=U40-14
Added Net: Name=FSMC_A4
Added Pin To Net: NetName=FSMC_A5 Pin=U40-15
Added Net: Name=FSMC_A5
Added Pin To Net: NetName=FSMC_A6 Pin=U40-50
Added Net: Name=FSMC_A6
Added Pin To Net: NetName=FSMC_A7 Pin=U40-53
Added Net: Name=FSMC_A7
Added Pin To Net: NetName=FSMC_A8 Pin=U40-54
Added Net: Name=FSMC_A8
Added Pin To Net: NetName=FSMC_A9 Pin=U40-55
Added Net: Name=FSMC_A9
Added Pin To Net: NetName=FSMC_A10 Pin=U40-56
Added Net: Name=FSMC_A10
Added Pin To Net: NetName=FSMC_A11 Pin=U40-57
Added Net: Name=FSMC_A11
Added Pin To Net: NetName=FSMC_A12 Pin=U40-87
Added Net: Name=FSMC_A12
Added Pin To Net: NetName=FSMC_A13 Pin=U40-88
Added Net: Name=FSMC_A13
Added Pin To Net: NetName=FSMC_A14 Pin=U40-89
Added Net: Name=FSMC_A14
Added Pin To Net: NetName=FSMC_A15 Pin=U40-90
Added Net: Name=FSMC_A15
Added Pin To Net: NetName=FSMC_A16 Pin=U40-80
Added Net: Name=FSMC_A16
Added Pin To Net: NetName=FSMC_A17 Pin=U40-81
Added Net: Name=FSMC_A17
Added Pin To Net: NetName=FSMC_A18 Pin=U40-82
Added Net: Name=FSMC_A18
Added Pin To Net: NetName=FSMC_D0 Pin=U40-85
Added Net: Name=FSMC_D0
Added Pin To Net: NetName=FSMC_D1 Pin=U40-86
Added Net: Name=FSMC_D1
Added Pin To Net: NetName=FSMC_D2 Pin=U40-114
Added Net: Name=FSMC_D2
Added Pin To Net: NetName=FSMC_D3 Pin=U40-115
Added Net: Name=FSMC_D3
Added Pin To Net: NetName=FSMC_D4 Pin=U40-58
Added Net: Name=FSMC_D4
Added Pin To Net: NetName=FSMC_D5 Pin=U40-59
Added Net: Name=FSMC_D5
Added Pin To Net: NetName=FSMC_D6 Pin=U40-60
Added Net: Name=FSMC_D6
Added Pin To Net: NetName=FSMC_D7 Pin=U40-63
Added Net: Name=FSMC_D7
Added Pin To Net: NetName=FSMC_D8 Pin=U40-64
Added Net: Name=FSMC_D8
Added Pin To Net: NetName=FSMC_D9 Pin=U40-65
Added Net: Name=FSMC_D9
Added Pin To Net: NetName=FSMC_D10 Pin=U40-66
Added Net: Name=FSMC_D10
Added Pin To Net: NetName=FSMC_D11 Pin=U40-67
Added Net: Name=FSMC_D11
Added Pin To Net: NetName=FSMC_D12 Pin=U40-68
Added Net: Name=FSMC_D12
Added Pin To Net: NetName=FSMC_D13 Pin=U40-77
Added Net: Name=FSMC_D13
Added Pin To Net: NetName=FSMC_D14 Pin=U40-78
Added Net: Name=FSMC_D14
Added Pin To Net: NetName=FSMC_D15 Pin=U40-79
Added Net: Name=FSMC_D15
Added Pin To Net: NetName=FSMC_NBL0 Pin=U40-141
Added Net: Name=FSMC_NBL0
Added Pin To Net: NetName=FSMC_NBL1 Pin=U40-142
Added Net: Name=FSMC_NBL1
Added Pin To Net: NetName=FSMC_NE3 Pin=R100-2
Added Pin To Net: NetName=FSMC_NE3 Pin=U40-125
Added Net: Name=FSMC_NE3
Added Pin To Net: NetName=FSMC_NOE Pin=U40-118
Added Net: Name=FSMC_NOE
Added Pin To Net: NetName=FSMC_NWE Pin=U40-119
Added Net: Name=FSMC_NWE
Added Pin To Net: NetName=NetCN?_2 Pin=CN?-2
Added Pin To Net: NetName=NetCN?_2 Pin=U43-3
Added Net: Name=NetCN?_2
Added Pin To Net: NetName=RGB Pin=L3-4
Added Net: Name=RGB
Added Pin To Net: NetName=S_DOUT Pin=P100-4
Added Pin To Net: NetName=S_DOUT Pin=U40-28
Added Net: Name=S_DOUT
Added Pin To Net: NetName=S_LRCK Pin=P100-2
Added Pin To Net: NetName=S_LRCK Pin=U40-73
Added Net: Name=S_LRCK
Added Pin To Net: NetName=S_SCLK Pin=P100-1
Added Pin To Net: NetName=S_SCLK Pin=U40-74
Added Net: Name=S_SCLK
Added Pin To Net: NetName=S_SDIN Pin=P100-3
Added Pin To Net: NetName=S_SDIN Pin=U40-29
Added Net: Name=S_SDIN
Added Pin To Net: NetName=SDIO_CMD Pin=R101-1
Added Net: Name=SDIO_CMD
Added Pin To Net: NetName=SDIO_D0 Pin=R104-1
Added Net: Name=SDIO_D0
Added Pin To Net: NetName=SDIO_D1 Pin=R103-1
Added Net: Name=SDIO_D1
Added Pin To Net: NetName=SDIO_D2 Pin=R102-1
Added Net: Name=SDIO_D2
Added Pin To Net: NetName=SDIO_D3 Pin=R105-1
Added Net: Name=SDIO_D3
Added Net: Name=SDIO_SCK
Added Member To Class: ClassName=4_POW.schdoc Member=Component CN? ZX-XH2.54-2PZZ
Added Member To Class: ClassName=3_”Ô“Ùƒ£øÈ.schdoc Member=Component P100 Header 6X2
Added Member To Class: ClassName=3_”Ô“Ùƒ£øÈ.schdoc Member=Component R100 10k¶∏
Added Member To Class: ClassName=1_Board.schdoc Member=Component R101 47k
Added Member To Class: ClassName=1_Board.schdoc Member=Component R102 47k
Added Member To Class: ClassName=1_Board.schdoc Member=Component R103 47k
Added Member To Class: ClassName=1_Board.schdoc Member=Component R104 47k
Added Member To Class: ClassName=1_Board.schdoc Member=Component R105 47k
Added Room: Name=1_Board.schdoc
Added Room: Name=2_MCU.schdoc
Added Room: Name=3_”Ô“Ùƒ£øÈ.schdoc
Added Room: Name=4_POW.schdoc
