Removed Pin From Net: NetName=IIC_SCL Pin=U40-122
Removed Pin From Net: NetName=IIC_SDA Pin=U40-123
Removed Pin From Net: NetName=PA3 Pin=U46-1
Removed Pin From Net: NetName=DCMI_HTEF Pin=U46-3
Removed Pin From Net: NetName=PA5 Pin=U46-5
Removed Pin From Net: NetName=DCMI_PCLK Pin=U46-7
Removed Pin From Net: NetName=PA7 Pin=U46-9
Removed Pin From Net: NetName=DCMI_XCLK Pin=U46-11
Removed Pin From Net: NetName=PA9 Pin=U46-13
Removed Pin From Net: NetName=PA10 Pin=U46-15
Removed Pin From Net: NetName=PA11 Pin=U46-17
Removed Pin From Net: NetName=PA12 Pin=U46-19
Added Pin To Net: NetName=PA3 Pin=U46-2
Added Pin To Net: NetName=PA5 Pin=U46-4
Added Pin To Net: NetName=PA7 Pin=U46-6
Added Pin To Net: NetName=PA9 Pin=U46-8
Added Pin To Net: NetName=PA10 Pin=U46-10
Added Pin To Net: NetName=PA12 Pin=U46-12
Added Pin To Net: NetName=PE0 Pin=U46-14
Added Pin To Net: NetName=PE1 Pin=U46-16
Added Pin To Net: NetName=PE2 Pin=U46-18
Change Net Name : Old Net Name=PA11 New Net Name=SR501
Added Pin To Net: NetName=PB8 Pin=U40-139
Added Pin To Net: NetName=PB8 Pin=U46-13
Added Net: Name=PB8
Added Pin To Net: NetName=PC0 Pin=U40-26
Added Pin To Net: NetName=PC0 Pin=U46-1
Added Net: Name=PC0
Added Pin To Net: NetName=PC1 Pin=U40-27
Added Pin To Net: NetName=PC1 Pin=U46-3
Added Net: Name=PC1
Added Pin To Net: NetName=PC4 Pin=U40-44
Added Pin To Net: NetName=PC4 Pin=U46-5
Added Net: Name=PC4
Added Pin To Net: NetName=PC5 Pin=U40-45
Added Pin To Net: NetName=PC5 Pin=U46-7
Added Net: Name=PC5
Added Pin To Net: NetName=PC10 Pin=U40-111
Added Pin To Net: NetName=PC10 Pin=U46-9
Added Net: Name=PC10
Added Pin To Net: NetName=PC13 Pin=U40-7
Added Pin To Net: NetName=PC13 Pin=U46-11
Added Net: Name=PC13
Added Pin To Net: NetName=PD5 Pin=U40-119
Added Pin To Net: NetName=PD5 Pin=U46-15
Added Net: Name=PD5
Added Pin To Net: NetName=PD6 Pin=U40-122
Added Pin To Net: NetName=PD6 Pin=U46-17
Added Net: Name=PD6
Added Pin To Net: NetName=PD10 Pin=U40-79
Added Pin To Net: NetName=PD10 Pin=U46-19
Added Net: Name=PD10
Added Pin To Net: NetName=PD11 Pin=U40-80
Added Pin To Net: NetName=PD11 Pin=U46-21
Added Net: Name=PD11
Added Pin To Net: NetName=PD12 Pin=U40-81
Added Pin To Net: NetName=PD12 Pin=U46-23
Added Net: Name=PD12
Added Pin To Net: NetName=PD13 Pin=U40-82
Added Pin To Net: NetName=PD13 Pin=U46-25
Added Net: Name=PD13
Added Pin To Net: NetName=PD14 Pin=U40-85
Added Pin To Net: NetName=PD14 Pin=U46-27
Added Net: Name=PD14
Added Pin To Net: NetName=PD15 Pin=U40-86
Added Pin To Net: NetName=PD15 Pin=U46-29
Added Net: Name=PD15
Added Pin To Net: NetName=PE3 Pin=U40-2
Added Pin To Net: NetName=PE3 Pin=U46-20
Added Net: Name=PE3
Added Pin To Net: NetName=PE4 Pin=U40-3
Added Pin To Net: NetName=PE4 Pin=U46-22
Added Net: Name=PE4
Added Pin To Net: NetName=PE7 Pin=U40-58
Added Net: Name=PE7
Added Pin To Net: NetName=PE8 Pin=U40-59
Added Pin To Net: NetName=PE8 Pin=U46-38
Added Net: Name=PE8
Added Pin To Net: NetName=PE9 Pin=U40-60
Added Pin To Net: NetName=PE9 Pin=U46-36
Added Net: Name=PE9
Added Pin To Net: NetName=PE10 Pin=U40-63
Added Pin To Net: NetName=PE10 Pin=U46-34
Added Net: Name=PE10
Added Pin To Net: NetName=PE11 Pin=U40-64
Added Pin To Net: NetName=PE11 Pin=U46-32
Added Net: Name=PE11
Added Pin To Net: NetName=PE12 Pin=U40-65
Added Pin To Net: NetName=PE12 Pin=U46-30
Added Net: Name=PE12
Added Pin To Net: NetName=PE13 Pin=U40-66
Added Pin To Net: NetName=PE13 Pin=U46-28
Added Net: Name=PE13
Added Pin To Net: NetName=PE14 Pin=U40-67
Added Pin To Net: NetName=PE14 Pin=U46-26
Added Net: Name=PE14
Added Pin To Net: NetName=PE15 Pin=U40-68
Added Pin To Net: NetName=PE15 Pin=U46-24
Added Net: Name=PE15
Added Pin To Net: NetName=PF0 Pin=U40-10
Added Pin To Net: NetName=PF0 Pin=U46-40
Added Net: Name=PF0
Added Pin To Net: NetName=PF1 Pin=U40-11
Added Pin To Net: NetName=PF1 Pin=U46-42
Added Net: Name=PF1
Added Pin To Net: NetName=PF2 Pin=U40-12
Added Pin To Net: NetName=PF2 Pin=U46-44
Added Net: Name=PF2
Added Pin To Net: NetName=PF3 Pin=U40-13
Added Pin To Net: NetName=PF3 Pin=U46-46
Added Net: Name=PF3
Added Pin To Net: NetName=PF4 Pin=U40-14
Added Pin To Net: NetName=PF4 Pin=U46-48
Added Net: Name=PF4
Added Pin To Net: NetName=PF5 Pin=U40-15
Added Pin To Net: NetName=PF5 Pin=U46-50
Added Net: Name=PF5
Added Pin To Net: NetName=PF6 Pin=U40-18
Added Pin To Net: NetName=PF6 Pin=U46-33
Added Net: Name=PF6
Added Pin To Net: NetName=PF7 Pin=U40-19
Added Pin To Net: NetName=PF7 Pin=U46-31
Added Net: Name=PF7
Added Pin To Net: NetName=PF8 Pin=U40-20
Added Pin To Net: NetName=PF8 Pin=U46-35
Added Net: Name=PF8
Added Pin To Net: NetName=PF9 Pin=U40-21
Added Pin To Net: NetName=PF9 Pin=U46-37
Added Net: Name=PF9
Added Pin To Net: NetName=PF10 Pin=U40-22
Added Pin To Net: NetName=PF10 Pin=U46-39
Added Net: Name=PF10
Added Pin To Net: NetName=PF11 Pin=U40-49
Added Pin To Net: NetName=PF11 Pin=U46-41
Added Net: Name=PF11
Added Pin To Net: NetName=PF12 Pin=U40-50
Added Pin To Net: NetName=PF12 Pin=U46-43
Added Net: Name=PF12
Added Pin To Net: NetName=PF13 Pin=U40-53
Added Pin To Net: NetName=PF13 Pin=U46-45
Added Net: Name=PF13
Added Pin To Net: NetName=PF14 Pin=U40-54
Added Pin To Net: NetName=PF14 Pin=U46-47
Added Net: Name=PF14
Added Pin To Net: NetName=PF15 Pin=U40-55
Added Pin To Net: NetName=PF15 Pin=U46-49
Added Net: Name=PF15
Added Member To Class: ClassName=2_MCU.schdoc Member=Component U40 STM32F407ZET6
Added Room: Name=1_Board.schdoc
Added Room: Name=2_MCU.schdoc
Added Room: Name=3_”Ô“Ùƒ£øÈ.schdoc
Added Room: Name=4_POW.schdoc
