Change Component Designator: Old Designator=C29 New Designator=C?
Change Component Designator: Old Designator=C30 New Designator=C?
Change Component Designator: Old Designator=C31 New Designator=C?
Change Component Designator: Old Designator=C37 New Designator=C?
Change Component Designator: Old Designator=C38 New Designator=C?
Change Component Designator: Old Designator=C39 New Designator=C?
Change Component Designator: Old Designator=C41 New Designator=C?
Change Component Designator: Old Designator=R12 New Designator=R?
Change Component Designator: Old Designator=R13 New Designator=R?
Change Component Designator: Old Designator=R14 New Designator=R?
Change Component Designator: Old Designator=R15 New Designator=R?
Change Component Designator: Old Designator=R16 New Designator=R?
Change Component Designator: Old Designator=R25 New Designator=R?
Change Component Designator: Old Designator=R26 New Designator=R?
Change Component Designator: Old Designator=SW1 New Designator=SW?
Change Component Designator: Old Designator=U27 New Designator=U?
Change Component Designator: Old Designator=U28 New Designator=U?
Change Component Designator: Old Designator=U29 New Designator=U?
Change Component Designator: Old Designator=U35 New Designator=U?
Change Component Designator: Old Designator=U36 New Designator=U?
Change Component Designator: Old Designator=U37 New Designator=U?
Change Component Designator: Old Designator=U38 New Designator=U?
Change Component Designator: Old Designator=U39 New Designator=U?
Change Component Designator: Old Designator=U40 New Designator=U?
Change Component Designator: Old Designator=U40 New Designator=U?
Change Component Designator: Old Designator=U40 New Designator=U?
Change Component Designator: Old Designator=U44 New Designator=U?
Change Component Designator: Old Designator=U45 New Designator=U?
Change Component Designator: Old Designator=U46 New Designator=U?
Change Component Designator: Old Designator=U47 New Designator=U?
Change Component Designator: Old Designator=U48 New Designator=U?
Change Component Designator: Old Designator=U49 New Designator=U?
Change Component Designator: Old Designator=U50 New Designator=U?
Change Component Designator: Old Designator=X2 New Designator=X?
Change Component Designator: Old Designator=X3 New Designator=X?
