Added Component: Designator=SW??(3PINSW)
Add component (AddParameter): Name = "Actuator Color"; Value = "-"; VariantName = "[No Variations]"
Add component (AddParameter): Name = "Actuator Style"; Value = "-"; VariantName = "[No Variations]"
Add component (AddParameter): Name = "Add into BOM"; Value = "yes"; VariantName = "[No Variations]"
Add component (AddParameter): Name = "Circuit"; Value = "单刀双掷"; VariantName = "[No Variations]"
Add component (AddParameter): Name = "Convert to PCB"; Value = "yes"; VariantName = "[No Variations]"
Add component (AddParameter): Name = "Current Rating (AC)"; Value = "-"; VariantName = "[No Variations]"
Add component (AddParameter): Name = "Current Rating (DC)"; Value = "2A"; VariantName = "[No Variations]"
Add component (AddParameter): Name = "Datasheet"; Value = "https://atta.szlcsc.com/upload/public/pdf/source/20210820/80D1704BBF3FCEE0435FCAA54C61E0A3.pdf"; VariantName = "[No Variations]"
Add component (AddParameter): Name = "Device"; Value = "SS12D10G4 071"; VariantName = "[No Variations]"
Add component (AddParameter): Name = "JLCPCB Part Class"; Value = "Extended Part"; VariantName = "[No Variations]"
Add component (AddParameter): Name = "LCSC Part Name"; Value = "SS12D10G4 071"; VariantName = "[No Variations]"
Add component (AddParameter): Name = "Manufacturer"; Value = "SHOU HAN(首韩)"; VariantName = "[No Variations]"
Add component (AddParameter): Name = "Manufacturer Part"; Value = "SS12D10G4 071"; VariantName = "[No Variations]"
Add component (AddParameter): Name = "Mechanical Life"; Value = "3千次"; VariantName = "[No Variations]"
Add component (AddParameter): Name = "Mounting Style"; Value = "立插"; VariantName = "[No Variations]"
Add component (AddParameter): Name = "Name"; Value = ""; VariantName = "[No Variations]"
Add component (AddParameter): Name = "Operating Temperature"; Value = "-16℃~+60℃"; VariantName = "[No Variations]"
Add component (AddParameter): Name = "Pin Style"; Value = "PC引脚"; VariantName = "[No Variations]"
Add component (AddParameter): Name = "Supplier"; Value = "LCSC"; VariantName = "[No Variations]"
Add component (AddParameter): Name = "Supplier Footprint"; Value = "插件"; VariantName = "[No Variations]"
Add component (AddParameter): Name = "Supplier Part"; Value = "C2887259"; VariantName = "[No Variations]"
Add component (AddParameter): Name = "Switch Height"; Value = "6.4mm"; VariantName = "[No Variations]"
Add component (AddParameter): Name = "Switch Length"; Value = "12.7mm"; VariantName = "[No Variations]"
Add component (AddParameter): Name = "Switch Width"; Value = "6.7mm"; VariantName = "[No Variations]"
Add component (AddParameter): Name = "Symbol"; Value = "SS12D10G4 071"; VariantName = "[No Variations]"
Add component (AddParameter): Name = "Voltage Rating (AC)"; Value = "-"; VariantName = "[No Variations]"
Add component (AddParameter): Name = "Voltage Rating (DC)"; Value = "125V"; VariantName = "[No Variations]"
Added Pin To Net: NetName=+5V Pin=SW??-2
Added Pin To Net: NetName=+5V Pin=SW??-3
Added Member To Class: ClassName=4_POW.schdoc Member=Component SW?? SS12D10G4 071
