Added Component: Designator=C100(C0603)
Add component (AddParameter): Name = "Add into BOM"; Value = "yes"; VariantName = "[No Variations]"
Add component (AddParameter): Name = "Channel ID"; Value = ""; VariantName = "[No Variations]"
Add component (AddParameter): Name = "Convert to PCB"; Value = "yes"; VariantName = "[No Variations]"
Add component (AddParameter): Name = "Datasheet"; Value = ""; VariantName = "[No Variations]"
Add component (AddParameter): Name = "Device"; Value = "CGA3E3X8R1H104M080AE"; VariantName = "[No Variations]"
Add component (AddParameter): Name = "Group ID"; Value = ""; VariantName = "[No Variations]"
Add component (AddParameter): Name = "JLCPCB Part Class"; Value = ""; VariantName = "[No Variations]"
Add component (AddParameter): Name = "LCSC Part Name"; Value = "100nF °¿20% 50V"; VariantName = "[No Variations]"
Add component (AddParameter): Name = "Manufacturer"; Value = "TDK"; VariantName = "[No Variations]"
Add component (AddParameter): Name = "Manufacturer Part"; Value = "CGA3E3X8R1H104M080AE"; VariantName = "[No Variations]"
Add component (AddParameter): Name = "Name"; Value = "100nF"; VariantName = "[No Variations]"
Add component (AddParameter): Name = "Reuse Block"; Value = ""; VariantName = "[No Variations]"
Add component (AddParameter): Name = "Supplier"; Value = "LCSC"; VariantName = "[No Variations]"
Add component (AddParameter): Name = "Supplier Footprint"; Value = "0603"; VariantName = "[No Variations]"
Add component (AddParameter): Name = "Supplier Part"; Value = "C3855738"; VariantName = "[No Variations]"
Add component (AddParameter): Name = "Symbol"; Value = "CGA3E3X8R1H104M080AE"; VariantName = "[No Variations]"
Add component (AddParameter): Name = "Temperature Coefficient"; Value = "X8R"; VariantName = "[No Variations]"
Add component (AddParameter): Name = "Tolerance"; Value = "°¿20%"; VariantName = "[No Variations]"
Add component (AddParameter): Name = "Value"; Value = "100nF"; VariantName = "[No Variations]"
Add component (AddParameter): Name = "Voltage Rated"; Value = "50V"; VariantName = "[No Variations]"
Added Component: Designator=C101(C0603)
Add component (AddParameter): Name = "Add into BOM"; Value = "yes"; VariantName = "[No Variations]"
Add component (AddParameter): Name = "Channel ID"; Value = ""; VariantName = "[No Variations]"
Add component (AddParameter): Name = "Convert to PCB"; Value = "yes"; VariantName = "[No Variations]"
Add component (AddParameter): Name = "Datasheet"; Value = ""; VariantName = "[No Variations]"
Add component (AddParameter): Name = "Device"; Value = "CGA3E3X8R1H104M080AE"; VariantName = "[No Variations]"
Add component (AddParameter): Name = "Group ID"; Value = ""; VariantName = "[No Variations]"
Add component (AddParameter): Name = "JLCPCB Part Class"; Value = ""; VariantName = "[No Variations]"
Add component (AddParameter): Name = "LCSC Part Name"; Value = "100nF °¿20% 50V"; VariantName = "[No Variations]"
Add component (AddParameter): Name = "Manufacturer"; Value = "TDK"; VariantName = "[No Variations]"
Add component (AddParameter): Name = "Manufacturer Part"; Value = "CGA3E3X8R1H104M080AE"; VariantName = "[No Variations]"
Add component (AddParameter): Name = "Name"; Value = "100nF"; VariantName = "[No Variations]"
Add component (AddParameter): Name = "Reuse Block"; Value = ""; VariantName = "[No Variations]"
Add component (AddParameter): Name = "Supplier"; Value = "LCSC"; VariantName = "[No Variations]"
Add component (AddParameter): Name = "Supplier Footprint"; Value = "0603"; VariantName = "[No Variations]"
Add component (AddParameter): Name = "Supplier Part"; Value = "C3855738"; VariantName = "[No Variations]"
Add component (AddParameter): Name = "Symbol"; Value = "CGA3E3X8R1H104M080AE"; VariantName = "[No Variations]"
Add component (AddParameter): Name = "Temperature Coefficient"; Value = "X8R"; VariantName = "[No Variations]"
Add component (AddParameter): Name = "Tolerance"; Value = "°¿20%"; VariantName = "[No Variations]"
Add component (AddParameter): Name = "Value"; Value = "100nF"; VariantName = "[No Variations]"
Add component (AddParameter): Name = "Voltage Rated"; Value = "50V"; VariantName = "[No Variations]"
Added Component: Designator=C102(C0603)
Add component (AddParameter): Name = "Add into BOM"; Value = "yes"; VariantName = "[No Variations]"
Add component (AddParameter): Name = "Channel ID"; Value = ""; VariantName = "[No Variations]"
Add component (AddParameter): Name = "Convert to PCB"; Value = "yes"; VariantName = "[No Variations]"
Add component (AddParameter): Name = "Datasheet"; Value = ""; VariantName = "[No Variations]"
Add component (AddParameter): Name = "Device"; Value = "CGA3E3X8R1H104M080AE"; VariantName = "[No Variations]"
Add component (AddParameter): Name = "Group ID"; Value = ""; VariantName = "[No Variations]"
Add component (AddParameter): Name = "JLCPCB Part Class"; Value = ""; VariantName = "[No Variations]"
Add component (AddParameter): Name = "LCSC Part Name"; Value = "100nF °¿20% 50V"; VariantName = "[No Variations]"
Add component (AddParameter): Name = "Manufacturer"; Value = "TDK"; VariantName = "[No Variations]"
Add component (AddParameter): Name = "Manufacturer Part"; Value = "CGA3E3X8R1H104M080AE"; VariantName = "[No Variations]"
Add component (AddParameter): Name = "Name"; Value = "100nF"; VariantName = "[No Variations]"
Add component (AddParameter): Name = "Reuse Block"; Value = ""; VariantName = "[No Variations]"
Add component (AddParameter): Name = "Supplier"; Value = "LCSC"; VariantName = "[No Variations]"
Add component (AddParameter): Name = "Supplier Footprint"; Value = "0603"; VariantName = "[No Variations]"
Add component (AddParameter): Name = "Supplier Part"; Value = "C3855738"; VariantName = "[No Variations]"
Add component (AddParameter): Name = "Symbol"; Value = "CGA3E3X8R1H104M080AE"; VariantName = "[No Variations]"
Add component (AddParameter): Name = "Temperature Coefficient"; Value = "X8R"; VariantName = "[No Variations]"
Add component (AddParameter): Name = "Tolerance"; Value = "°¿20%"; VariantName = "[No Variations]"
Add component (AddParameter): Name = "Value"; Value = "100nF"; VariantName = "[No Variations]"
Add component (AddParameter): Name = "Voltage Rated"; Value = "50V"; VariantName = "[No Variations]"
Added Pin To Net: NetName=CVDD Pin=C100-1
Added Pin To Net: NetName=GND Pin=C100-2
Added Pin To Net: NetName=CVDD Pin=C101-1
Added Pin To Net: NetName=GND Pin=C101-2
Added Pin To Net: NetName=CVDD Pin=C102-1
Added Pin To Net: NetName=GND Pin=C102-2
Added Member To Class: ClassName=3_”Ô“Ùƒ£øÈ.schdoc Member=Component C100 100nF
Added Member To Class: ClassName=3_”Ô“Ùƒ£øÈ.schdoc Member=Component C101 100nF
Added Member To Class: ClassName=3_”Ô“Ùƒ£øÈ.schdoc Member=Component C102 100nF
