Change Component Designator: Old Designator=0.1UF New Designator=1
Change Component Designator: Old Designator=D? New Designator=D1
Change Component Designator: Old Designator=J? New Designator=J1
Change Component Designator: Old Designator=JP? New Designator=JP1
Change Component Designator: Old Designator=JP? New Designator=JP2
Change Component Designator: Old Designator=JP? New Designator=JP3
Change Component Designator: Old Designator=OLED New Designator=OLED1
Change Component Designator: Old Designator=Q? New Designator=Q1
Change Component Designator: Old Designator=R? New Designator=R1
Change Component Designator: Old Designator=R? New Designator=R2
Change Component Designator: Old Designator=R? New Designator=R3
Change Component Designator: Old Designator=R? New Designator=R4
Change Component Designator: Old Designator=R? New Designator=R5
Change Component Designator: Old Designator=S? New Designator=S1
Change Component Designator: Old Designator=S? New Designator=S2
Change Component Designator: Old Designator=S? New Designator=S3
Change Component Designator: Old Designator=S? New Designator=S4
Change Component Designator: Old Designator=S? New Designator=S5
Change Component Designator: Old Designator=¹âÃô New Designator=¹âÃô1
Change Component Designator: Old Designator=ÓÒ New Designator=ÓÒ1
Change Component Designator: Old Designator=×ó New Designator=×ó1
Change Component Designator: Old Designator=À¶ÑÀ New Designator=À¶ÑÀ1
Change Component Designator: Old Designator=³¬Éù²¨ New Designator=³¬Éù²¨1
