Added Component: Designator=1(C 0201_L)
Added Component: Designator=D1(LED_A1)
Added Component: Designator=JP1(HDR2.54-LI-2x3P)
Added Component: Designator=JP2(HDR2.54-LI-2x3P)
Added Component: Designator=JP3(HDR2.54-LI-2x8P)
Added Component: Designator=OLED1(HDR2.54-LI-4P)
Added Component: Designator=Q1(TO92A)
Added Component: Designator=R1(R 0201_L)
Added Component: Designator=R2(R 0201_L)
Added Component: Designator=R3(R 0201_L)
Added Component: Designator=R4(R 0201_L)
Added Component: Designator=R5(R 0201_L)
Added Component: Designator=S1(SW_PB4_A1)
Added Component: Designator=S2(SW_PB4_A1)
Added Component: Designator=S3(SW_PB4_A1)
Added Component: Designator=S4(SW_PB4_A1)
Added Component: Designator=S5(SW_PB4_A1)
Added Component: Designator=¹âÃô1(HDR2.54-LI-4P)
Added Component: Designator=ÓÒ1(HDR2.54-LI-20P)
Added Component: Designator=×ó1(HDR2.54-LI-20P)
Added Component: Designator=À¶ÑÀ1(HDR2.54-LI-6P)
Added Component: Designator=³¬Éù²¨1(HDR2.54-LI-4P)
Added Pin To Net: NetName=3V3 Pin=JP1-1
Added Pin To Net: NetName=3V3 Pin=JP1-3
Added Pin To Net: NetName=3V3 Pin=JP1-5
Added Pin To Net: NetName=3V3 Pin=ÓÒ1-20
Added Pin To Net: NetName=3V3 Pin=×ó1-18
Added Net: Name=3V3
Added Pin To Net: NetName=5V Pin=JP2-1
Added Pin To Net: NetName=5V Pin=JP2-3
Added Pin To Net: NetName=5V Pin=JP2-5
Added Pin To Net: NetName=5V Pin=OLED1-2
Added Pin To Net: NetName=5V Pin=R2-2
Added Pin To Net: NetName=5V Pin=R3-2
Added Pin To Net: NetName=5V Pin=R4-2
Added Pin To Net: NetName=5V Pin=¹âÃô1-1
Added Pin To Net: NetName=5V Pin=ÓÒ1-18
Added Pin To Net: NetName=5V Pin=À¶ÑÀ1-5
Added Pin To Net: NetName=5V Pin=³¬Éù²¨1-1
Added Net: Name=5V
Added Pin To Net: NetName=A0_DO Pin=¹âÃô1-3
Added Pin To Net: NetName=A0_DO Pin=×ó1-5
Added Net: Name=A0_DO
Added Pin To Net: NetName=A1_AO Pin=¹âÃô1-4
Added Pin To Net: NetName=A1_AO Pin=×ó1-6
Added Net: Name=A1_AO
Added Pin To Net: NetName=A2_ECHO Pin=×ó1-7
Added Pin To Net: NetName=A2_ECHO Pin=³¬Éù²¨1-3
Added Net: Name=A2_ECHO
Added Pin To Net: NetName=A3_TRIG Pin=×ó1-8
Added Pin To Net: NetName=A3_TRIG Pin=³¬Éù²¨1-2
Added Net: Name=A3_TRIG
Added Pin To Net: NetName=A4 Pin=JP3-5
Added Pin To Net: NetName=A4 Pin=×ó1-9
Added Net: Name=A4
Added Pin To Net: NetName=A5 Pin=JP3-7
Added Pin To Net: NetName=A5 Pin=×ó1-10
Added Net: Name=A5
Added Pin To Net: NetName=A6 Pin=JP3-9
Added Pin To Net: NetName=A6 Pin=×ó1-11
Added Net: Name=A6
Added Pin To Net: NetName=A7 Pin=JP3-11
Added Pin To Net: NetName=A7 Pin=×ó1-12
Added Net: Name=A7
Added Pin To Net: NetName=A15 Pin=ÓÒ1-10
Added Net: Name=A15
Added Pin To Net: NetName=B0 Pin=JP3-13
Added Pin To Net: NetName=B0 Pin=×ó1-13
Added Net: Name=B0
Added Pin To Net: NetName=B1 Pin=JP3-15
Added Pin To Net: NetName=B1 Pin=×ó1-14
Added Net: Name=B1
Added Pin To Net: NetName=B3 Pin=JP3-2
Added Pin To Net: NetName=B3 Pin=ÓÒ1-11
Added Net: Name=B3
Added Pin To Net: NetName=B4_BEEP Pin=R2-1
Added Pin To Net: NetName=B4_BEEP Pin=R5-2
Added Pin To Net: NetName=B4_BEEP Pin=ÓÒ1-12
Added Net: Name=B4_BEEP
Added Pin To Net: NetName=B5_PWM_LED Pin=D1-1
Added Pin To Net: NetName=B5_PWM_LED Pin=ÓÒ1-13
Added Net: Name=B5_PWM_LED
Added Pin To Net: NetName=B6 Pin=JP3-4
Added Pin To Net: NetName=B6 Pin=ÓÒ1-14
Added Net: Name=B6
Added Pin To Net: NetName=B7 Pin=JP3-3
Added Pin To Net: NetName=B7 Pin=ÓÒ1-15
Added Net: Name=B7
Added Pin To Net: NetName=B8_OLED_SCL Pin=OLED1-3
Added Pin To Net: NetName=B8_OLED_SCL Pin=ÓÒ1-16
Added Net: Name=B8_OLED_SCL
Added Pin To Net: NetName=B9_OLED_SDA Pin=OLED1-4
Added Pin To Net: NetName=B9_OLED_SDA Pin=ÓÒ1-17
Added Net: Name=B9_OLED_SDA
Added Pin To Net: NetName=B10_TX Pin=×ó1-15
Added Pin To Net: NetName=B10_TX Pin=À¶ÑÀ1-3
Added Net: Name=B10_TX
Added Pin To Net: NetName=B11_RX Pin=×ó1-16
Added Pin To Net: NetName=B11_RX Pin=À¶ÑÀ1-2
Added Net: Name=B11_RX
Added Pin To Net: NetName=B12 Pin=JP3-6
Added Pin To Net: NetName=B12 Pin=ÓÒ1-1
Added Net: Name=B12
Added Pin To Net: NetName=B13 Pin=JP3-8
Added Pin To Net: NetName=B13 Pin=ÓÒ1-2
Added Net: Name=B13
Added Pin To Net: NetName=B14 Pin=JP3-10
Added Pin To Net: NetName=B14 Pin=ÓÒ1-3
Added Net: Name=B14
Added Pin To Net: NetName=B15 Pin=JP3-12
Added Pin To Net: NetName=B15 Pin=ÓÒ1-4
Added Net: Name=B15
Added Pin To Net: NetName=C13 Pin=JP3-14
Added Pin To Net: NetName=C13 Pin=×ó1-2
Added Net: Name=C13
Added Pin To Net: NetName=C14 Pin=JP3-16
Added Pin To Net: NetName=C14 Pin=×ó1-3
Added Net: Name=C14
Added Pin To Net: NetName=C15 Pin=JP3-1
Added Pin To Net: NetName=C15 Pin=×ó1-4
Added Net: Name=C15
Added Pin To Net: NetName=GND Pin=1-1
Added Pin To Net: NetName=GND Pin=JP1-2
Added Pin To Net: NetName=GND Pin=JP1-4
Added Pin To Net: NetName=GND Pin=JP1-6
Added Pin To Net: NetName=GND Pin=JP2-2
Added Pin To Net: NetName=GND Pin=JP2-4
Added Pin To Net: NetName=GND Pin=JP2-6
Added Pin To Net: NetName=GND Pin=OLED1-1
Added Pin To Net: NetName=GND Pin=R1-1
Added Pin To Net: NetName=GND Pin=S1-2
Added Pin To Net: NetName=GND Pin=S2-2
Added Pin To Net: NetName=GND Pin=S3-2
Added Pin To Net: NetName=GND Pin=S4-2
Added Pin To Net: NetName=GND Pin=S5-2
Added Pin To Net: NetName=GND Pin=¹âÃô1-2
Added Pin To Net: NetName=GND Pin=ÓÒ1-19
Added Pin To Net: NetName=GND Pin=×ó1-19
Added Pin To Net: NetName=GND Pin=×ó1-20
Added Pin To Net: NetName=GND Pin=À¶ÑÀ1-4
Added Pin To Net: NetName=GND Pin=³¬Éù²¨1-4
Added Net: Name=GND
Added Pin To Net: NetName=KEY0_G Pin=S1-1
Added Pin To Net: NetName=KEY0_G Pin=ÓÒ1-5
Added Net: Name=KEY0_G
Added Pin To Net: NetName=KEY1_C Pin=S2-1
Added Pin To Net: NetName=KEY1_C Pin=ÓÒ1-6
Added Net: Name=KEY1_C
Added Pin To Net: NetName=KEY2_L Pin=S3-1
Added Pin To Net: NetName=KEY2_L Pin=ÓÒ1-7
Added Net: Name=KEY2_L
Added Pin To Net: NetName=KEY_DOWN Pin=S5-1
Added Pin To Net: NetName=KEY_DOWN Pin=ÓÒ1-9
Added Net: Name=KEY_DOWN
Added Pin To Net: NetName=KEY_UP Pin=S4-1
Added Pin To Net: NetName=KEY_UP Pin=ÓÒ1-8
Added Net: Name=KEY_UP
Added Pin To Net: NetName=Net1_2 Pin=1-2
Added Pin To Net: NetName=Net1_2 Pin=Q1-2
Added Pin To Net: NetName=Net1_2 Pin=R5-1
Added Net: Name=Net1_2
Added Pin To Net: NetName=NetD1_2 Pin=D1-2
Added Pin To Net: NetName=NetD1_2 Pin=R1-2
Added Net: Name=NetD1_2
Added Pin To Net: NetName=NetJ1_1 Pin=Q1-3
Added Net: Name=NetJ1_1
Added Pin To Net: NetName=NetQ1_1 Pin=Q1-1
Added Pin To Net: NetName=NetQ1_1 Pin=R3-1
Added Pin To Net: NetName=NetQ1_1 Pin=R4-1
Added Net: Name=NetQ1_1
Added Pin To Net: NetName=RES Pin=×ó1-17
Added Net: Name=RES
Added Pin To Net: NetName=VBT Pin=×ó1-1
Added Net: Name=VBT
Added Class: Name=MCU
Added Room: Name=MCU
