Change Component Comment : Designator=R1 Old Comment=10K New Comment=300R
Change Component Designator: OldDesignator=C1 NewDesignator=C3
Added Component: Designator=C1(C 0201_L)
Added Component: Designator=C2(C 0201_L)
Added Component: Designator=C4(C 0201_L)
Added Component: Designator=C5(C 0201_L)
Added Pin To Net: NetName=GND Pin=C1-1
Added Pin To Net: NetName=5V Pin=C1-2
Added Pin To Net: NetName=5V Pin=C2-1
Added Pin To Net: NetName=GND Pin=C2-2
Added Pin To Net: NetName=5V Pin=C4-1
Added Pin To Net: NetName=GND Pin=C4-2
Added Pin To Net: NetName=GND Pin=C5-1
Added Pin To Net: NetName=5V Pin=C5-2
Change Net Name : Old Net Name=NetC1_2 New Net Name=NetC3_2
Added Member To Class: ClassName=MCU Member=Component C2 100nf
Added Member To Class: ClassName=MCU Member=Component C3 0.1uf
Added Member To Class: ClassName=MCU Member=Component C4 100nf
Added Member To Class: ClassName=MCU Member=Component C5 100nf
Added Room: Name=MCU
